------------------------------------
[18:02:26 26.09]Program started
[18:02:26][ERROR]List error at: 
File:C:\Users\Danila\Desktop\List\List.cpp 
Line:342 
Func:size_t listPushAfter(List*, size_t, int, varError_t*)
List dump
    List at 000000000023FDD0
    Head: 0 Tail 0 Capacity 0
    Free mem ptr: Stack: 0 Unused end: 1    ERRORS:
     (BAD) List in invalid state (pointers out of range)
     List empty
aList dump
    List at 000000000023FDD0
    Head: 0 Tail 0 Capacity 0
    Free mem ptr: Stack: 0 Unused end: 1    ERRORS:
     (BAD) List in invalid state (pointers out of range)
     List empty
[18:02:26][ERROR]List error at: 
File:C:\Users\Danila\Desktop\List\List.cpp 
Line:342 
Func:size_t listPushAfter(List*, size_t, int, varError_t*)
List dump
    List at 000000000023FDD0
    Head: 0 Tail 0 Capacity 0
    Free mem ptr: Stack: 0 Unused end: 1    ERRORS:
     (BAD) List in invalid state (pointers out of range)
     List empty
aList dump
    List at 000000000023FDD0
    Head: 0 Tail 0 Capacity 0
    Free mem ptr: Stack: 0 Unused end: 1    ERRORS:
     (BAD) List in invalid state (pointers out of range)
     List empty
[18:02:26][ERROR]List error at: 
File:C:\Users\Danila\Desktop\List\List.cpp 
Line:342 
Func:size_t listPushAfter(List*, size_t, int, varError_t*)
List dump
    List at 000000000023FDD0
    Head: 0 Tail 0 Capacity 0
    Free mem ptr: Stack: 0 Unused end: 1    ERRORS:
     (BAD) List in invalid state (pointers out of range)
     List empty
aList dump
    List at 000000000023FDD0
    Head: 0 Tail 0 Capacity 0
    Free mem ptr: Stack: 0 Unused end: 1    ERRORS:
     (BAD) List in invalid state (pointers out of range)
     List empty
[18:02:26][ERROR]List error at: 
File:C:\Users\Danila\Desktop\List\List.cpp 
Line:342 
Func:size_t listPushAfter(List*, size_t, int, varError_t*)
List dump
    List at 000000000023FDD0
    Head: 0 Tail 0 Capacity 0
    Free mem ptr: Stack: 0 Unused end: 1    ERRORS:
     (BAD) List in invalid state (pointers out of range)
     List empty
aList dump
    List at 000000000023FDD0
    Head: 0 Tail 0 Capacity 0
    Free mem ptr: Stack: 0 Unused end: 1    ERRORS:
     (BAD) List in invalid state (pointers out of range)
     List empty
[18:02:26][ERROR]List error at: 
File:C:\Users\Danila\Desktop\List\List.cpp 
Line:342 
Func:size_t listPushAfter(List*, size_t, int, varError_t*)
List dump
    List at 000000000023FDD0
    Head: 0 Tail 0 Capacity 0
    Free mem ptr: Stack: 0 Unused end: 1    ERRORS:
     (BAD) List in invalid state (pointers out of range)
     List empty
aList dump
    List at 000000000023FDD0
    Head: 0 Tail 0 Capacity 0
    Free mem ptr: Stack: 0 Unused end: 1    ERRORS:
     (BAD) List in invalid state (pointers out of range)
     List empty
[18:02:26][ERROR]List error at: 
File:C:\Users\Danila\Desktop\List\List.cpp 
Line:342 
Func:size_t listPushAfter(List*, size_t, int, varError_t*)
List dump
    List at 000000000023FDD0
    Head: 0 Tail 0 Capacity 0
    Free mem ptr: Stack: 0 Unused end: 1    ERRORS:
     (BAD) List in invalid state (pointers out of range)
     List empty
aList dump
    List at 000000000023FDD0
    Head: 0 Tail 0 Capacity 0
    Free mem ptr: Stack: 0 Unused end: 1    ERRORS:
     (BAD) List in invalid state (pointers out of range)
     List empty
[18:02:26][ERROR]List error at: 
File:C:\Users\Danila\Desktop\List\List.cpp 
Line:342 
Func:size_t listPushAfter(List*, size_t, int, varError_t*)
List dump
    List at 000000000023FDD0
    Head: 0 Tail 0 Capacity 0
    Free mem ptr: Stack: 0 Unused end: 1    ERRORS:
     (BAD) List in invalid state (pointers out of range)
     List empty
aList dump
    List at 000000000023FDD0
    Head: 0 Tail 0 Capacity 0
    Free mem ptr: Stack: 0 Unused end: 1    ERRORS:
     (BAD) List in invalid state (pointers out of range)
     List empty
[18:02:26][ERROR]List error at: 
File:C:\Users\Danila\Desktop\List\List.cpp 
Line:342 
Func:size_t listPushAfter(List*, size_t, int, varError_t*)
List dump
    List at 000000000023FDD0
    Head: 0 Tail 0 Capacity 0
    Free mem ptr: Stack: 0 Unused end: 1    ERRORS:
     (BAD) List in invalid state (pointers out of range)
     List empty
aList dump
    List at 000000000023FDD0
    Head: 0 Tail 0 Capacity 0
    Free mem ptr: Stack: 0 Unused end: 1    ERRORS:
     (BAD) List in invalid state (pointers out of range)
     List empty
[18:02:26][ERROR]List error at: 
File:C:\Users\Danila\Desktop\List\List.cpp 
Line:342 
Func:size_t listPushAfter(List*, size_t, int, varError_t*)
List dump
    List at 000000000023FDD0
    Head: 0 Tail 0 Capacity 0
    Free mem ptr: Stack: 0 Unused end: 1    ERRORS:
     (BAD) List in invalid state (pointers out of range)
     List empty
aList dump
    List at 000000000023FDD0
    Head: 0 Tail 0 Capacity 0
    Free mem ptr: Stack: 0 Unused end: 1    ERRORS:
     (BAD) List in invalid state (pointers out of range)
     List empty
[18:02:26][ERROR]List error at: 
File:C:\Users\Danila\Desktop\List\List.cpp 
Line:342 
Func:size_t listPushAfter(List*, size_t, int, varError_t*)
List dump
    List at 000000000023FDD0
    Head: 0 Tail 0 Capacity 0
    Free mem ptr: Stack: 0 Unused end: 1    ERRORS:
     (BAD) List in invalid state (pointers out of range)
     List empty
aList dump
    List at 000000000023FDD0
    Head: 0 Tail 0 Capacity 0
    Free mem ptr: Stack: 0 Unused end: 1    ERRORS:
     (BAD) List in invalid state (pointers out of range)
     List empty
[18:02:26][ERROR]List error at: 
File:C:\Users\Danila\Desktop\List\List.cpp 
Line:241 
Func:varError_t listDtor(List*)
List dump
    List at 000000000023FDD0
    Head: 0 Tail 0 Capacity 0
    Free mem ptr: Stack: 0 Unused end: 1    ERRORS:
     (BAD) List in invalid state (pointers out of range)
     List empty
Program exited
