------------------------------------
[16:57:23 26.09]Program started
aList dump
    List at 000000000023FDE0
    Head: 1 Tail 0 Capacity 10
    List ok
I |    1    2    3    4    5    6    7    8    9   10
D |    0  404  404  404  404  404  404  404  404  404
P |    0    0    0    0    0    0    0    0    0    0
N |3735928559    0    0    0    0    0    0    0    0    0
aList dump
    List at 000000000023FDE0
    Head: 2 Tail 0 Capacity 10
    List ok
I |    1    2    3    4    5    6    7    8    9   10
D |    0    1  404  404  404  404  404  404  404  404
P |    2    0    0    0    0    0    0    0    0    0
N |37359285593735928559    0    0    0    0    0    0    0    0
aList dump
    List at 000000000023FDE0
    Head: 3 Tail 0 Capacity 10
    List ok
I |    1    2    3    4    5    6    7    8    9   10
D |    0    1    2  404  404  404  404  404  404  404
P |    2    3    0    0    0    0    0    0    0    0
N |373592855937359285593735928559    0    0    0    0    0    0    0
aList dump
    List at 000000000023FDE0
    Head: 4 Tail 0 Capacity 10
    List ok
I |    1    2    3    4    5    6    7    8    9   10
D |    0    1    2    3  404  404  404  404  404  404
P |    2    3    4    0    0    0    0    0    0    0
N |3735928559373592855937359285593735928559    0    0    0    0    0    0
aList dump
    List at 000000000023FDE0
    Head: 5 Tail 0 Capacity 10
    List ok
I |    1    2    3    4    5    6    7    8    9   10
D |    0    1    2    3    4  404  404  404  404  404
P |    2    3    4    5    0    0    0    0    0    0
N |37359285593735928559373592855937359285593735928559    0    0    0    0    0
aList dump
    List at 000000000023FDE0
    Head: 6 Tail 0 Capacity 10
    List ok
I |    1    2    3    4    5    6    7    8    9   10
D |    0    1    2    3    4    5  404  404  404  404
P |    2    3    4    5    6    0    0    0    0    0
N |373592855937359285593735928559373592855937359285593735928559    0    0    0    0
aList dump
    List at 000000000023FDE0
    Head: 7 Tail 0 Capacity 10
    List ok
I |    1    2    3    4    5    6    7    8    9   10
D |    0    1    2    3    4    5    6  404  404  404
P |    2    3    4    5    6    7    0    0    0    0
N |3735928559373592855937359285593735928559373592855937359285593735928559    0    0    0
aList dump
    List at 000000000023FDE0
    Head: 8 Tail 0 Capacity 10
    List ok
I |    1    2    3    4    5    6    7    8    9   10
D |    0    1    2    3    4    5    6    7  404  404
P |    2    3    4    5    6    7    8    0    0    0
N |37359285593735928559373592855937359285593735928559373592855937359285593735928559    0    0
aList dump
    List at 000000000023FDE0
    Head: 9 Tail 0 Capacity 10
    List ok
I |    1    2    3    4    5    6    7    8    9   10
D |    0    1    2    3    4    5    6    7    8  404
P |    2    3    4    5    6    7    8    9    0    0
N |373592855937359285593735928559373592855937359285593735928559373592855937359285593735928559    0
aList dump
    List at 000000000023FDE0
    Head: 10 Tail 0 Capacity 10
    List ok
I |    1    2    3    4    5    6    7    8    9   10
D |    0    1    2    3    4    5    6    7    8    9
P |    2    3    4    5    6    7    8    9   10    0
N |3735928559373592855937359285593735928559373592855937359285593735928559373592855937359285593735928559
Program exited
