------------------------------------
[16:52:27 26.09]Program started
List dump
    List at 000000000023FDE0
    Head: 0 Tail 0 Capacity 10
    List ok
I |    1    2    3    4    5    6    7    8    9   10
D |  404  404  404  404  404  404  404  404  404  404
P |    0    0    0    0    0    0    0    0    0    0
N |    0    0    0    0    0    0    0    0    0    0
aList dump
    List at 000000000023FDE0
    Head: 1 Tail 0 Capacity 10
    List ok
I |    1    2    3    4    5    6    7    8    9   10
D |    0  404  404  404  404  404  404  404  404  404
P |    0    0    0    0    0    0    0    0    0    0
N |    0    0    0    0    0    0    0    0    0    0
Program exited
------------------------------------
[16:52:41 26.09]Program started
aList dump
    List at 000000000023FDE0
    Head: 1 Tail 0 Capacity 10
    List ok
I |    1    2    3    4    5    6    7    8    9   10
D |    0  404  404  404  404  404  404  404  404  404
P |    0    0    0    0    0    0    0    0    0    0
N |    0    0    0    0    0    0    0    0    0    0
aList dump
    List at 000000000023FDE0
    Head: 1 Tail 0 Capacity 10
    List ok
I |    1    2    3    4    5    6    7    8    9   10
D |    1  404  404  404  404  404  404  404  404  404
P |    0    0    0    0    0    0    0    0    0    0
N |    1    0    0    0    0    0    0    0    0    0
aList dump
    List at 000000000023FDE0
    Head: 2 Tail 0 Capacity 10
    List ok
I |    1    2    3    4    5    6    7    8    9   10
D |    1    2  404  404  404  404  404  404  404  404
P |    0    0    0    0    0    0    0    0    0    0
N |    1    1    0    0    0    0    0    0    0    0
aList dump
    List at 000000000023FDE0
    Head: 3 Tail 0 Capacity 10
    List ok
I |    1    2    3    4    5    6    7    8    9   10
D |    1    2    3  404  404  404  404  404  404  404
P |    0    0    0    0    0    0    0    0    0    0
N |    1    1    2    0    0    0    0    0    0    0
aList dump
    List at 000000000023FDE0
    Head: 4 Tail 0 Capacity 10
    List ok
I |    1    2    3    4    5    6    7    8    9   10
D |    1    2    3    4  404  404  404  404  404  404
P |    0    0    0    0    0    0    0    0    0    0
N |    1    1    2    3    0    0    0    0    0    0
aList dump
    List at 000000000023FDE0
    Head: 5 Tail 0 Capacity 10
    List ok
I |    1    2    3    4    5    6    7    8    9   10
D |    1    2    3    4    5  404  404  404  404  404
P |    0    0    0    0    0    0    0    0    0    0
N |    1    1    2    3    4    0    0    0    0    0
aList dump
    List at 000000000023FDE0
    Head: 6 Tail 0 Capacity 10
    List ok
I |    1    2    3    4    5    6    7    8    9   10
D |    1    2    3    4    5    6  404  404  404  404
P |    0    0    0    0    0    0    0    0    0    0
N |    1    1    2    3    4    5    0    0    0    0
aList dump
    List at 000000000023FDE0
    Head: 7 Tail 0 Capacity 10
    List ok
I |    1    2    3    4    5    6    7    8    9   10
D |    1    2    3    4    5    6    7  404  404  404
P |    0    0    0    0    0    0    0    0    0    0
N |    1    1    2    3    4    5    6    0    0    0
aList dump
    List at 000000000023FDE0
    Head: 8 Tail 0 Capacity 10
    List ok
I |    1    2    3    4    5    6    7    8    9   10
D |    1    2    3    4    5    6    7    8  404  404
P |    0    0    0    0    0    0    0    0    0    0
N |    1    1    2    3    4    5    6    7    0    0
aList dump
    List at 000000000023FDE0
    Head: 9 Tail 0 Capacity 10
    List ok
I |    1    2    3    4    5    6    7    8    9   10
D |    1    2    3    4    5    6    7    8    9  404
P |    0    0    0    0    0    0    0    0    0    0
N |    1    1    2    3    4    5    6    7    8    0
Program exited
