------------------------------------
[16:05:57 26.09]Program started
     Raw data dump: (100 total) [ 0000000000000000 0000000000000000 0000000000000000 0000000000000000 0000000000000000 0000000000000000 0000000000000000 0000000000000000 0000000000000000 0000000000000000 0000000000000000 0000000000000000 0000000000000000 0000000000000000 0000000000000000 0000000000000000 0000000000000000 0000000000000000 0000000000000000 0000000000000000 0000000000000000 0000000000000000 0000000000000000 0000000000000000 00000000000000A7 00000000000000A4 00000000000000D9 00000000000000F0 0000000000000073 0000000000000065 0000000000000000 0000000000000014 0000000000000000 0000000000000000 0000000000000000 0000000000000000 0000000000000000 0000000000000000 0000000000000000 0000000000000000 0000000000000000 0000000000000000 0000000000000000 0000000000000000 0000000000000000 0000000000000000 0000000000000000 0000000000000000 0000000000000000 0000000000000000 0000000000000000 0000000000000000 0000000000000000 0000000000000000 0000000000000000 0000000000000000 00000000000000A7 00000000000000A4 00000000000000D9 00000000000000F0 0000000000000073 0000000000000065 0000000000000000 0000000000000014 0000000000000000 0000000000000000 0000000000000000 0000000000000000 0000000000000000 0000000000000000 0000000000000000 0000000000000000 0000000000000000 0000000000000000 0000000000000000 0000000000000000 0000000000000000 0000000000000000 0000000000000000 0000000000000000 0000000000000000 0000000000000000 0000000000000000 0000000000000000 0000000000000000 0000000000000000 0000000000000000 0000000000000000 00000000000000A4 00000000000000A5 00000000000000D9 00000000000000F2 0000000000000073 0000000000000065 0000000000000000 0000000000000010 0000000000000030 0000000000000030 0000000000000030 0000000000000030 ]
List dump
    List at 000000000023FDE0
    Head: 0 Tail 0 Capacity 0
    ERRORS:
     Left data canary bad (D0 P14006573 N14006573 | DEADBEEF)
     Right data canary bad (D0 P0 N0 | FACEFEED)
I |
D |
P |
N |
[16:05:57][ERROR]List error at: 
File:C:\Users\Danila\Desktop\List\List.cpp 
Line:314 
Func:size_t listPushAfter(List*, size_t, int, varError_t*)
List dump
    List at 000000000023FDE0
    Head: 0 Tail 0 Capacity 0
    ERRORS:
     Left data canary bad (D0 P14006573 N14006573 | DEADBEEF)
     Right data canary bad (D0 P0 N0 | FACEFEED)
I |
D |
P |
N |
     Raw data dump: (100 total) [ 0000000000000000 0000000000000000 0000000000000000 0000000000000000 0000000000000000 0000000000000000 0000000000000000 0000000000000000 0000000000000000 0000000000000000 0000000000000000 0000000000000000 0000000000000000 0000000000000000 0000000000000000 0000000000000000 0000000000000000 0000000000000000 0000000000000000 0000000000000000 0000000000000000 0000000000000000 0000000000000000 0000000000000000 00000000000000A7 00000000000000A4 00000000000000D9 00000000000000F0 0000000000000073 0000000000000065 0000000000000000 0000000000000014 0000000000000000 0000000000000000 0000000000000000 0000000000000000 0000000000000000 0000000000000000 0000000000000000 0000000000000000 0000000000000000 0000000000000000 0000000000000000 0000000000000000 0000000000000000 0000000000000000 0000000000000000 0000000000000000 0000000000000000 0000000000000000 0000000000000000 0000000000000000 0000000000000000 0000000000000000 0000000000000000 0000000000000000 00000000000000A7 00000000000000A4 00000000000000D9 00000000000000F0 0000000000000073 0000000000000065 0000000000000000 0000000000000014 0000000000000000 0000000000000000 0000000000000000 0000000000000000 0000000000000000 0000000000000000 0000000000000000 0000000000000000 0000000000000000 0000000000000000 0000000000000000 0000000000000000 0000000000000000 0000000000000000 0000000000000000 0000000000000000 0000000000000000 0000000000000000 0000000000000000 0000000000000000 0000000000000000 0000000000000000 0000000000000000 0000000000000000 00000000000000A4 00000000000000A5 00000000000000D9 00000000000000F2 0000000000000073 0000000000000065 0000000000000000 0000000000000010 0000000000000030 0000000000000030 0000000000000030 0000000000000030 ]
List dump
    List at 000000000023FDE0
    Head: 0 Tail 0 Capacity 0
    ERRORS:
     Left data canary bad (D0 P14006573 N14006573 | DEADBEEF)
     Right data canary bad (D0 P0 N0 | FACEFEED)
I |
D |
P |
N |
[16:05:57][ERROR]List error at: 
File:C:\Users\Danila\Desktop\List\List.cpp 
Line:314 
Func:size_t listPushAfter(List*, size_t, int, varError_t*)
List dump
    List at 000000000023FDE0
    Head: 0 Tail 0 Capacity 0
    ERRORS:
     Left data canary bad (D0 P14006573 N14006573 | DEADBEEF)
     Right data canary bad (D0 P0 N0 | FACEFEED)
I |
D |
P |
N |
     Raw data dump: (100 total) [ 0000000000000000 0000000000000000 0000000000000000 0000000000000000 0000000000000000 0000000000000000 0000000000000000 0000000000000000 0000000000000000 0000000000000000 0000000000000000 0000000000000000 0000000000000000 0000000000000000 0000000000000000 0000000000000000 0000000000000000 0000000000000000 0000000000000000 0000000000000000 0000000000000000 0000000000000000 0000000000000000 0000000000000000 00000000000000A7 00000000000000A4 00000000000000D9 00000000000000F0 0000000000000073 0000000000000065 0000000000000000 0000000000000014 0000000000000000 0000000000000000 0000000000000000 0000000000000000 0000000000000000 0000000000000000 0000000000000000 0000000000000000 0000000000000000 0000000000000000 0000000000000000 0000000000000000 0000000000000000 0000000000000000 0000000000000000 0000000000000000 0000000000000000 0000000000000000 0000000000000000 0000000000000000 0000000000000000 0000000000000000 0000000000000000 0000000000000000 00000000000000A7 00000000000000A4 00000000000000D9 00000000000000F0 0000000000000073 0000000000000065 0000000000000000 0000000000000014 0000000000000000 0000000000000000 0000000000000000 0000000000000000 0000000000000000 0000000000000000 0000000000000000 0000000000000000 0000000000000000 0000000000000000 0000000000000000 0000000000000000 0000000000000000 0000000000000000 0000000000000000 0000000000000000 0000000000000000 0000000000000000 0000000000000000 0000000000000000 0000000000000000 0000000000000000 0000000000000000 0000000000000000 00000000000000A4 00000000000000A5 00000000000000D9 00000000000000F2 0000000000000073 0000000000000065 0000000000000000 0000000000000010 0000000000000030 0000000000000030 0000000000000030 0000000000000030 ]
List dump
    List at 000000000023FDE0
    Head: 0 Tail 0 Capacity 0
    ERRORS:
     Left data canary bad (D0 P14006573 N14006573 | DEADBEEF)
     Right data canary bad (D0 P0 N0 | FACEFEED)
I |
D |
P |
N |
[16:05:57][ERROR]List error at: 
File:C:\Users\Danila\Desktop\List\List.cpp 
Line:314 
Func:size_t listPushAfter(List*, size_t, int, varError_t*)
List dump
    List at 000000000023FDE0
    Head: 0 Tail 0 Capacity 0
    ERRORS:
     Left data canary bad (D0 P14006573 N14006573 | DEADBEEF)
     Right data canary bad (D0 P0 N0 | FACEFEED)
I |
D |
P |
N |
     Raw data dump: (100 total) [ 0000000000000000 0000000000000000 0000000000000000 0000000000000000 0000000000000000 0000000000000000 0000000000000000 0000000000000000 0000000000000000 0000000000000000 0000000000000000 0000000000000000 0000000000000000 0000000000000000 0000000000000000 0000000000000000 0000000000000000 0000000000000000 0000000000000000 0000000000000000 0000000000000000 0000000000000000 0000000000000000 0000000000000000 00000000000000A7 00000000000000A4 00000000000000D9 00000000000000F0 0000000000000073 0000000000000065 0000000000000000 0000000000000014 0000000000000000 0000000000000000 0000000000000000 0000000000000000 0000000000000000 0000000000000000 0000000000000000 0000000000000000 0000000000000000 0000000000000000 0000000000000000 0000000000000000 0000000000000000 0000000000000000 0000000000000000 0000000000000000 0000000000000000 0000000000000000 0000000000000000 0000000000000000 0000000000000000 0000000000000000 0000000000000000 0000000000000000 00000000000000A7 00000000000000A4 00000000000000D9 00000000000000F0 0000000000000073 0000000000000065 0000000000000000 0000000000000014 0000000000000000 0000000000000000 0000000000000000 0000000000000000 0000000000000000 0000000000000000 0000000000000000 0000000000000000 0000000000000000 0000000000000000 0000000000000000 0000000000000000 0000000000000000 0000000000000000 0000000000000000 0000000000000000 0000000000000000 0000000000000000 0000000000000000 0000000000000000 0000000000000000 0000000000000000 0000000000000000 0000000000000000 00000000000000A4 00000000000000A5 00000000000000D9 00000000000000F2 0000000000000073 0000000000000065 0000000000000000 0000000000000010 0000000000000030 0000000000000030 0000000000000030 0000000000000030 ]
List dump
    List at 000000000023FDE0
    Head: 0 Tail 0 Capacity 0
    ERRORS:
     Left data canary bad (D0 P14006573 N14006573 | DEADBEEF)
     Right data canary bad (D0 P0 N0 | FACEFEED)
I |
D |
P |
N |
[16:05:58][ERROR]List error at: 
File:C:\Users\Danila\Desktop\List\List.cpp 
Line:314 
Func:size_t listPushAfter(List*, size_t, int, varError_t*)
List dump
    List at 000000000023FDE0
    Head: 0 Tail 0 Capacity 0
    ERRORS:
     Left data canary bad (D0 P14006573 N14006573 | DEADBEEF)
     Right data canary bad (D0 P0 N0 | FACEFEED)
I |
D |
P |
N |
     Raw data dump: (100 total) [ 0000000000000000 0000000000000000 0000000000000000 0000000000000000 0000000000000000 0000000000000000 0000000000000000 0000000000000000 0000000000000000 0000000000000000 0000000000000000 0000000000000000 0000000000000000 0000000000000000 0000000000000000 0000000000000000 0000000000000000 0000000000000000 0000000000000000 0000000000000000 0000000000000000 0000000000000000 0000000000000000 0000000000000000 00000000000000A7 00000000000000A4 00000000000000D9 00000000000000F0 0000000000000073 0000000000000065 0000000000000000 0000000000000014 0000000000000000 0000000000000000 0000000000000000 0000000000000000 0000000000000000 0000000000000000 0000000000000000 0000000000000000 0000000000000000 0000000000000000 0000000000000000 0000000000000000 0000000000000000 0000000000000000 0000000000000000 0000000000000000 0000000000000000 0000000000000000 0000000000000000 0000000000000000 0000000000000000 0000000000000000 0000000000000000 0000000000000000 00000000000000A7 00000000000000A4 00000000000000D9 00000000000000F0 0000000000000073 0000000000000065 0000000000000000 0000000000000014 0000000000000000 0000000000000000 0000000000000000 0000000000000000 0000000000000000 0000000000000000 0000000000000000 0000000000000000 0000000000000000 0000000000000000 0000000000000000 0000000000000000 0000000000000000 0000000000000000 0000000000000000 0000000000000000 0000000000000000 0000000000000000 0000000000000000 0000000000000000 0000000000000000 0000000000000000 0000000000000000 0000000000000000 00000000000000A4 00000000000000A5 00000000000000D9 00000000000000F2 0000000000000073 0000000000000065 0000000000000000 0000000000000010 0000000000000030 0000000000000030 0000000000000030 0000000000000030 ]
List dump
    List at 000000000023FDE0
    Head: 0 Tail 0 Capacity 0
    ERRORS:
     Left data canary bad (D0 P14006573 N14006573 | DEADBEEF)
     Right data canary bad (D0 P0 N0 | FACEFEED)
I |
D |
P |
N |
[16:05:58][ERROR]List error at: 
File:C:\Users\Danila\Desktop\List\List.cpp 
Line:314 
Func:size_t listPushAfter(List*, size_t, int, varError_t*)
List dump
    List at 000000000023FDE0
    Head: 0 Tail 0 Capacity 0
    ERRORS:
     Left data canary bad (D0 P14006573 N14006573 | DEADBEEF)
     Right data canary bad (D0 P0 N0 | FACEFEED)
I |
D |
P |
N |
     Raw data dump: (100 total) [ 0000000000000000 0000000000000000 0000000000000000 0000000000000000 0000000000000000 0000000000000000 0000000000000000 0000000000000000 0000000000000000 0000000000000000 0000000000000000 0000000000000000 0000000000000000 0000000000000000 0000000000000000 0000000000000000 0000000000000000 0000000000000000 0000000000000000 0000000000000000 0000000000000000 0000000000000000 0000000000000000 0000000000000000 00000000000000A7 00000000000000A4 00000000000000D9 00000000000000F0 0000000000000073 0000000000000065 0000000000000000 0000000000000014 0000000000000000 0000000000000000 0000000000000000 0000000000000000 0000000000000000 0000000000000000 0000000000000000 0000000000000000 0000000000000000 0000000000000000 0000000000000000 0000000000000000 0000000000000000 0000000000000000 0000000000000000 0000000000000000 0000000000000000 0000000000000000 0000000000000000 0000000000000000 0000000000000000 0000000000000000 0000000000000000 0000000000000000 00000000000000A7 00000000000000A4 00000000000000D9 00000000000000F0 0000000000000073 0000000000000065 0000000000000000 0000000000000014 0000000000000000 0000000000000000 0000000000000000 0000000000000000 0000000000000000 0000000000000000 0000000000000000 0000000000000000 0000000000000000 0000000000000000 0000000000000000 0000000000000000 0000000000000000 0000000000000000 0000000000000000 0000000000000000 0000000000000000 0000000000000000 0000000000000000 0000000000000000 0000000000000000 0000000000000000 0000000000000000 0000000000000000 00000000000000A4 00000000000000A5 00000000000000D9 00000000000000F2 0000000000000073 0000000000000065 0000000000000000 0000000000000010 0000000000000030 0000000000000030 0000000000000030 0000000000000030 ]
List dump
    List at 000000000023FDE0
    Head: 0 Tail 0 Capacity 0
    ERRORS:
     Left data canary bad (D0 P14006573 N14006573 | DEADBEEF)
     Right data canary bad (D0 P0 N0 | FACEFEED)
I |
D |
P |
N |
[16:05:58][ERROR]List error at: 
File:C:\Users\Danila\Desktop\List\List.cpp 
Line:314 
Func:size_t listPushAfter(List*, size_t, int, varError_t*)
List dump
    List at 000000000023FDE0
    Head: 0 Tail 0 Capacity 0
    ERRORS:
     Left data canary bad (D0 P14006573 N14006573 | DEADBEEF)
     Right data canary bad (D0 P0 N0 | FACEFEED)
I |
D |
P |
N |
     Raw data dump: (100 total) [ 0000000000000000 0000000000000000 0000000000000000 0000000000000000 0000000000000000 0000000000000000 0000000000000000 0000000000000000 0000000000000000 0000000000000000 0000000000000000 0000000000000000 0000000000000000 0000000000000000 0000000000000000 0000000000000000 0000000000000000 0000000000000000 0000000000000000 0000000000000000 0000000000000000 0000000000000000 0000000000000000 0000000000000000 00000000000000A7 00000000000000A4 00000000000000D9 00000000000000F0 0000000000000073 0000000000000065 0000000000000000 0000000000000014 0000000000000000 0000000000000000 0000000000000000 0000000000000000 0000000000000000 0000000000000000 0000000000000000 0000000000000000 0000000000000000 0000000000000000 0000000000000000 0000000000000000 0000000000000000 0000000000000000 0000000000000000 0000000000000000 0000000000000000 0000000000000000 0000000000000000 0000000000000000 0000000000000000 0000000000000000 0000000000000000 0000000000000000 00000000000000A7 00000000000000A4 00000000000000D9 00000000000000F0 0000000000000073 0000000000000065 0000000000000000 0000000000000014 0000000000000000 0000000000000000 0000000000000000 0000000000000000 0000000000000000 0000000000000000 0000000000000000 0000000000000000 0000000000000000 0000000000000000 0000000000000000 0000000000000000 0000000000000000 0000000000000000 0000000000000000 0000000000000000 0000000000000000 0000000000000000 0000000000000000 0000000000000000 0000000000000000 0000000000000000 0000000000000000 0000000000000000 00000000000000A4 00000000000000A5 00000000000000D9 00000000000000F2 0000000000000073 0000000000000065 0000000000000000 0000000000000010 0000000000000030 0000000000000030 0000000000000030 0000000000000030 ]
List dump
    List at 000000000023FDE0
    Head: 0 Tail 0 Capacity 0
    ERRORS:
     Left data canary bad (D0 P14006573 N14006573 | DEADBEEF)
     Right data canary bad (D0 P0 N0 | FACEFEED)
I |
D |
P |
N |
[16:05:58][ERROR]List error at: 
File:C:\Users\Danila\Desktop\List\List.cpp 
Line:314 
Func:size_t listPushAfter(List*, size_t, int, varError_t*)
List dump
    List at 000000000023FDE0
    Head: 0 Tail 0 Capacity 0
    ERRORS:
     Left data canary bad (D0 P14006573 N14006573 | DEADBEEF)
     Right data canary bad (D0 P0 N0 | FACEFEED)
I |
D |
P |
N |
     Raw data dump: (100 total) [ 0000000000000000 0000000000000000 0000000000000000 0000000000000000 0000000000000000 0000000000000000 0000000000000000 0000000000000000 0000000000000000 0000000000000000 0000000000000000 0000000000000000 0000000000000000 0000000000000000 0000000000000000 0000000000000000 0000000000000000 0000000000000000 0000000000000000 0000000000000000 0000000000000000 0000000000000000 0000000000000000 0000000000000000 00000000000000A7 00000000000000A4 00000000000000D9 00000000000000F0 0000000000000073 0000000000000065 0000000000000000 0000000000000014 0000000000000000 0000000000000000 0000000000000000 0000000000000000 0000000000000000 0000000000000000 0000000000000000 0000000000000000 0000000000000000 0000000000000000 0000000000000000 0000000000000000 0000000000000000 0000000000000000 0000000000000000 0000000000000000 0000000000000000 0000000000000000 0000000000000000 0000000000000000 0000000000000000 0000000000000000 0000000000000000 0000000000000000 00000000000000A7 00000000000000A4 00000000000000D9 00000000000000F0 0000000000000073 0000000000000065 0000000000000000 0000000000000014 0000000000000000 0000000000000000 0000000000000000 0000000000000000 0000000000000000 0000000000000000 0000000000000000 0000000000000000 0000000000000000 0000000000000000 0000000000000000 0000000000000000 0000000000000000 0000000000000000 0000000000000000 0000000000000000 0000000000000000 0000000000000000 0000000000000000 0000000000000000 0000000000000000 0000000000000000 0000000000000000 0000000000000000 00000000000000A4 00000000000000A5 00000000000000D9 00000000000000F2 0000000000000073 0000000000000065 0000000000000000 0000000000000010 0000000000000030 0000000000000030 0000000000000030 0000000000000030 ]
List dump
    List at 000000000023FDE0
    Head: 0 Tail 0 Capacity 0
    ERRORS:
     Left data canary bad (D0 P14006573 N14006573 | DEADBEEF)
     Right data canary bad (D0 P0 N0 | FACEFEED)
I |
D |
P |
N |
[16:05:58][ERROR]List error at: 
File:C:\Users\Danila\Desktop\List\List.cpp 
Line:314 
Func:size_t listPushAfter(List*, size_t, int, varError_t*)
List dump
    List at 000000000023FDE0
    Head: 0 Tail 0 Capacity 0
    ERRORS:
     Left data canary bad (D0 P14006573 N14006573 | DEADBEEF)
     Right data canary bad (D0 P0 N0 | FACEFEED)
I |
D |
P |
N |
     Raw data dump: (100 total) [ 0000000000000000 0000000000000000 0000000000000000 0000000000000000 0000000000000000 0000000000000000 0000000000000000 0000000000000000 0000000000000000 0000000000000000 0000000000000000 0000000000000000 0000000000000000 0000000000000000 0000000000000000 0000000000000000 0000000000000000 0000000000000000 0000000000000000 0000000000000000 0000000000000000 0000000000000000 0000000000000000 0000000000000000 00000000000000A7 00000000000000A4 00000000000000D9 00000000000000F0 0000000000000073 0000000000000065 0000000000000000 0000000000000014 0000000000000000 0000000000000000 0000000000000000 0000000000000000 0000000000000000 0000000000000000 0000000000000000 0000000000000000 0000000000000000 0000000000000000 0000000000000000 0000000000000000 0000000000000000 0000000000000000 0000000000000000 0000000000000000 0000000000000000 0000000000000000 0000000000000000 0000000000000000 0000000000000000 0000000000000000 0000000000000000 0000000000000000 00000000000000A7 00000000000000A4 00000000000000D9 00000000000000F0 0000000000000073 0000000000000065 0000000000000000 0000000000000014 0000000000000000 0000000000000000 0000000000000000 0000000000000000 0000000000000000 0000000000000000 0000000000000000 0000000000000000 0000000000000000 0000000000000000 0000000000000000 0000000000000000 0000000000000000 0000000000000000 0000000000000000 0000000000000000 0000000000000000 0000000000000000 0000000000000000 0000000000000000 0000000000000000 0000000000000000 0000000000000000 0000000000000000 00000000000000A4 00000000000000A5 00000000000000D9 00000000000000F2 0000000000000073 0000000000000065 0000000000000000 0000000000000010 0000000000000030 0000000000000030 0000000000000030 0000000000000030 ]
List dump
    List at 000000000023FDE0
    Head: 0 Tail 0 Capacity 0
    ERRORS:
     Left data canary bad (D0 P14006573 N14006573 | DEADBEEF)
     Right data canary bad (D0 P0 N0 | FACEFEED)
I |
D |
P |
N |
[16:05:58][ERROR]List error at: 
File:C:\Users\Danila\Desktop\List\List.cpp 
Line:314 
Func:size_t listPushAfter(List*, size_t, int, varError_t*)
List dump
    List at 000000000023FDE0
    Head: 0 Tail 0 Capacity 0
    ERRORS:
     Left data canary bad (D0 P14006573 N14006573 | DEADBEEF)
     Right data canary bad (D0 P0 N0 | FACEFEED)
I |
D |
P |
N |
     Raw data dump: (100 total) [ 0000000000000000 0000000000000000 0000000000000000 0000000000000000 0000000000000000 0000000000000000 0000000000000000 0000000000000000 0000000000000000 0000000000000000 0000000000000000 0000000000000000 0000000000000000 0000000000000000 0000000000000000 0000000000000000 0000000000000000 0000000000000000 0000000000000000 0000000000000000 0000000000000000 0000000000000000 0000000000000000 0000000000000000 00000000000000A7 00000000000000A4 00000000000000D9 00000000000000F0 0000000000000073 0000000000000065 0000000000000000 0000000000000014 0000000000000000 0000000000000000 0000000000000000 0000000000000000 0000000000000000 0000000000000000 0000000000000000 0000000000000000 0000000000000000 0000000000000000 0000000000000000 0000000000000000 0000000000000000 0000000000000000 0000000000000000 0000000000000000 0000000000000000 0000000000000000 0000000000000000 0000000000000000 0000000000000000 0000000000000000 0000000000000000 0000000000000000 00000000000000A7 00000000000000A4 00000000000000D9 00000000000000F0 0000000000000073 0000000000000065 0000000000000000 0000000000000014 0000000000000000 0000000000000000 0000000000000000 0000000000000000 0000000000000000 0000000000000000 0000000000000000 0000000000000000 0000000000000000 0000000000000000 0000000000000000 0000000000000000 0000000000000000 0000000000000000 0000000000000000 0000000000000000 0000000000000000 0000000000000000 0000000000000000 0000000000000000 0000000000000000 0000000000000000 0000000000000000 0000000000000000 00000000000000A4 00000000000000A5 00000000000000D9 00000000000000F2 0000000000000073 0000000000000065 0000000000000000 0000000000000010 0000000000000030 0000000000000030 0000000000000030 0000000000000030 ]
List dump
    List at 000000000023FDE0
    Head: 0 Tail 0 Capacity 0
    ERRORS:
     Left data canary bad (D0 P14006573 N14006573 | DEADBEEF)
     Right data canary bad (D0 P0 N0 | FACEFEED)
I |
D |
P |
N |
[16:05:58][ERROR]List error at: 
File:C:\Users\Danila\Desktop\List\List.cpp 
Line:231 
Func:varError_t listDtor(List*)
List dump
    List at 000000000023FDE0
    Head: 0 Tail 0 Capacity 0
    ERRORS:
     Left data canary bad (D0 P14006573 N14006573 | DEADBEEF)
     Right data canary bad (D0 P0 N0 | FACEFEED)
I |
D |
P |
N |
Program exited
