------------------------------------
[19:20:14 26.09]Program started
List dump
    List at 000000000023FDC0
    Head: 1 Tail 1 Capacity 10 Size 1
    Free mem ptr: Stack: 0 Unused end: 2    List ok
I |    1    2    3    4    5    6    7    8    9   10
D |    0  404  404  404  404  404  404  404  404  404
P |    0    0    0    0    0    0    0    0    0    0
N |    0    0    0    0    0    0    0    0    0    0
list elements in order:
0 
List dump
    List at 000000000023FDC0
    Head: 1 Tail 2 Capacity 10 Size 2
    Free mem ptr: Stack: 0 Unused end: 3    List ok
I |    1    2    3    4    5    6    7    8    9   10
D |    0    1  404  404  404  404  404  404  404  404
P |    0    1    0    0    0    0    0    0    0    0
N |    2    0    0    0    0    0    0    0    0    0
list elements in order:
0 1 
List dump
    List at 000000000023FDC0
    Head: 1 Tail 3 Capacity 10 Size 3
    Free mem ptr: Stack: 0 Unused end: 4    List ok
I |    1    2    3    4    5    6    7    8    9   10
D |    0    1    2  404  404  404  404  404  404  404
P |    0    1    2    0    0    0    0    0    0    0
N |    2    3    0    0    0    0    0    0    0    0
list elements in order:
0 1 2 
List dump
    List at 000000000023FDC0
    Head: 1 Tail 4 Capacity 10 Size 4
    Free mem ptr: Stack: 0 Unused end: 5    List ok
I |    1    2    3    4    5    6    7    8    9   10
D |    0    1    2    3  404  404  404  404  404  404
P |    0    1    2    3    0    0    0    0    0    0
N |    2    3    4    0    0    0    0    0    0    0
list elements in order:
0 1 2 3 
List dump
    List at 000000000023FDC0
    Head: 1 Tail 5 Capacity 10 Size 5
    Free mem ptr: Stack: 0 Unused end: 6    List ok
I |    1    2    3    4    5    6    7    8    9   10
D |    0    1    2    3    4  404  404  404  404  404
P |    0    1    2    3    4    0    0    0    0    0
N |    2    3    4    5    0    0    0    0    0    0
list elements in order:
0 1 2 3 4 
List dump
    List at 000000000023FDC0
    Head: 1 Tail 6 Capacity 10 Size 6
    Free mem ptr: Stack: 0 Unused end: 7    List ok
I |    1    2    3    4    5    6    7    8    9   10
D |    0    1    2    3    4    5  404  404  404  404
P |    0    1    2    3    4    5    0    0    0    0
N |    2    3    4    5    6    0    0    0    0    0
list elements in order:
0 1 2 3 4 5 
List dump
    List at 000000000023FDC0
    Head: 1 Tail 7 Capacity 10 Size 7
    Free mem ptr: Stack: 0 Unused end: 8    List ok
I |    1    2    3    4    5    6    7    8    9   10
D |    0    1    2    3    4    5    6  404  404  404
P |    0    1    2    3    4    5    6    0    0    0
N |    2    3    4    5    6    7    0    0    0    0
list elements in order:
0 1 2 3 4 5 6 
List dump
    List at 000000000023FDC0
    Head: 1 Tail 8 Capacity 10 Size 8
    Free mem ptr: Stack: 0 Unused end: 9    List ok
I |    1    2    3    4    5    6    7    8    9   10
D |    0    1    2    3    4    5    6    7  404  404
P |    0    1    2    3    4    5    6    7    0    0
N |    2    3    4    5    6    7    8    0    0    0
list elements in order:
0 1 2 3 4 5 6 7 
List dump
    List at 000000000023FDC0
    Head: 1 Tail 9 Capacity 10 Size 9
    Free mem ptr: Stack: 0 Unused end: 10    List ok
I |    1    2    3    4    5    6    7    8    9   10
D |    0    1    2    3    4    5    6    7    8  404
P |    0    1    2    3    4    5    6    7    8    0
N |    2    3    4    5    6    7    8    9    0    0
list elements in order:
0 1 2 3 4 5 6 7 8 
List dump
    List at 000000000023FDC0
    Head: 1 Tail 10 Capacity 10 Size 10
    Free mem ptr: Stack: 0 Unused end: 11    List ok
I |    1    2    3    4    5    6    7    8    9   10
D |    0    1    2    3    4    5    6    7    8    9
P |    0    1    2    3    4    5    6    7    8    9
N |    2    3    4    5    6    7    8    9   10    0
list elements in order:
0 1 2 3 4 5 6 7 8 9 
Program exited
