------------------------------------
[15:57:05 26.09]Program started
List dump
    List at 000000000023FDE0
    Head: 0 Tail 0 Capacity 0
    ERRORS:
     Left data canary bad (D0 P1400E11F N1400E11F | DEADBEEF)
     Right data canary bad (D0 P0 N0 | FACEFEED)
I |
D |
P |
N |
[15:57:05][ERROR]List error at: 
File:C:\Users\Danila\Desktop\List\List.cpp 
Line:314 
Func:size_t listPushAfter(List*, size_t, int, varError_t*)
List dump
    List at 000000000023FDE0
    Head: 0 Tail 0 Capacity 0
    ERRORS:
     Left data canary bad (D0 P1400E11F N1400E11F | DEADBEEF)
     Right data canary bad (D0 P0 N0 | FACEFEED)
I |
D |
P |
N |
List dump
    List at 000000000023FDE0
    Head: 0 Tail 0 Capacity 0
    ERRORS:
     Left data canary bad (D0 P1400E11F N1400E11F | DEADBEEF)
     Right data canary bad (D0 P0 N0 | FACEFEED)
I |
D |
P |
N |
[15:57:05][ERROR]List error at: 
File:C:\Users\Danila\Desktop\List\List.cpp 
Line:314 
Func:size_t listPushAfter(List*, size_t, int, varError_t*)
List dump
    List at 000000000023FDE0
    Head: 0 Tail 0 Capacity 0
    ERRORS:
     Left data canary bad (D0 P1400E11F N1400E11F | DEADBEEF)
     Right data canary bad (D0 P0 N0 | FACEFEED)
I |
D |
P |
N |
List dump
    List at 000000000023FDE0
    Head: 0 Tail 0 Capacity 0
    ERRORS:
     Left data canary bad (D0 P1400E11F N1400E11F | DEADBEEF)
     Right data canary bad (D0 P0 N0 | FACEFEED)
I |
D |
P |
N |
[15:57:05][ERROR]List error at: 
File:C:\Users\Danila\Desktop\List\List.cpp 
Line:314 
Func:size_t listPushAfter(List*, size_t, int, varError_t*)
List dump
    List at 000000000023FDE0
    Head: 0 Tail 0 Capacity 0
    ERRORS:
     Left data canary bad (D0 P1400E11F N1400E11F | DEADBEEF)
     Right data canary bad (D0 P0 N0 | FACEFEED)
I |
D |
P |
N |
List dump
    List at 000000000023FDE0
    Head: 0 Tail 0 Capacity 0
    ERRORS:
     Left data canary bad (D0 P1400E11F N1400E11F | DEADBEEF)
     Right data canary bad (D0 P0 N0 | FACEFEED)
I |
D |
P |
N |
[15:57:05][ERROR]List error at: 
File:C:\Users\Danila\Desktop\List\List.cpp 
Line:314 
Func:size_t listPushAfter(List*, size_t, int, varError_t*)
List dump
    List at 000000000023FDE0
    Head: 0 Tail 0 Capacity 0
    ERRORS:
     Left data canary bad (D0 P1400E11F N1400E11F | DEADBEEF)
     Right data canary bad (D0 P0 N0 | FACEFEED)
I |
D |
P |
N |
List dump
    List at 000000000023FDE0
    Head: 0 Tail 0 Capacity 0
    ERRORS:
     Left data canary bad (D0 P1400E11F N1400E11F | DEADBEEF)
     Right data canary bad (D0 P0 N0 | FACEFEED)
I |
D |
P |
N |
[15:57:05][ERROR]List error at: 
File:C:\Users\Danila\Desktop\List\List.cpp 
Line:314 
Func:size_t listPushAfter(List*, size_t, int, varError_t*)
List dump
    List at 000000000023FDE0
    Head: 0 Tail 0 Capacity 0
    ERRORS:
     Left data canary bad (D0 P1400E11F N1400E11F | DEADBEEF)
     Right data canary bad (D0 P0 N0 | FACEFEED)
I |
D |
P |
N |
List dump
    List at 000000000023FDE0
    Head: 0 Tail 0 Capacity 0
    ERRORS:
     Left data canary bad (D0 P1400E11F N1400E11F | DEADBEEF)
     Right data canary bad (D0 P0 N0 | FACEFEED)
I |
D |
P |
N |
[15:57:05][ERROR]List error at: 
File:C:\Users\Danila\Desktop\List\List.cpp 
Line:314 
Func:size_t listPushAfter(List*, size_t, int, varError_t*)
List dump
    List at 000000000023FDE0
    Head: 0 Tail 0 Capacity 0
    ERRORS:
     Left data canary bad (D0 P1400E11F N1400E11F | DEADBEEF)
     Right data canary bad (D0 P0 N0 | FACEFEED)
I |
D |
P |
N |
List dump
    List at 000000000023FDE0
    Head: 0 Tail 0 Capacity 0
    ERRORS:
     Left data canary bad (D0 P1400E11F N1400E11F | DEADBEEF)
     Right data canary bad (D0 P0 N0 | FACEFEED)
I |
D |
P |
N |
[15:57:05][ERROR]List error at: 
File:C:\Users\Danila\Desktop\List\List.cpp 
Line:314 
Func:size_t listPushAfter(List*, size_t, int, varError_t*)
List dump
    List at 000000000023FDE0
    Head: 0 Tail 0 Capacity 0
    ERRORS:
     Left data canary bad (D0 P1400E11F N1400E11F | DEADBEEF)
     Right data canary bad (D0 P0 N0 | FACEFEED)
I |
D |
P |
N |
List dump
    List at 000000000023FDE0
    Head: 0 Tail 0 Capacity 0
    ERRORS:
     Left data canary bad (D0 P1400E11F N1400E11F | DEADBEEF)
     Right data canary bad (D0 P0 N0 | FACEFEED)
I |
D |
P |
N |
[15:57:05][ERROR]List error at: 
File:C:\Users\Danila\Desktop\List\List.cpp 
Line:314 
Func:size_t listPushAfter(List*, size_t, int, varError_t*)
List dump
    List at 000000000023FDE0
    Head: 0 Tail 0 Capacity 0
    ERRORS:
     Left data canary bad (D0 P1400E11F N1400E11F | DEADBEEF)
     Right data canary bad (D0 P0 N0 | FACEFEED)
I |
D |
P |
N |
List dump
    List at 000000000023FDE0
    Head: 0 Tail 0 Capacity 0
    ERRORS:
     Left data canary bad (D0 P1400E11F N1400E11F | DEADBEEF)
     Right data canary bad (D0 P0 N0 | FACEFEED)
I |
D |
P |
N |
[15:57:05][ERROR]List error at: 
File:C:\Users\Danila\Desktop\List\List.cpp 
Line:314 
Func:size_t listPushAfter(List*, size_t, int, varError_t*)
List dump
    List at 000000000023FDE0
    Head: 0 Tail 0 Capacity 0
    ERRORS:
     Left data canary bad (D0 P1400E11F N1400E11F | DEADBEEF)
     Right data canary bad (D0 P0 N0 | FACEFEED)
I |
D |
P |
N |
List dump
    List at 000000000023FDE0
    Head: 0 Tail 0 Capacity 0
    ERRORS:
     Left data canary bad (D0 P1400E11F N1400E11F | DEADBEEF)
     Right data canary bad (D0 P0 N0 | FACEFEED)
I |
D |
P |
N |
[15:57:05][ERROR]List error at: 
File:C:\Users\Danila\Desktop\List\List.cpp 
Line:231 
Func:varError_t listDtor(List*)
List dump
    List at 000000000023FDE0
    Head: 0 Tail 0 Capacity 0
    ERRORS:
     Left data canary bad (D0 P1400E11F N1400E11F | DEADBEEF)
     Right data canary bad (D0 P0 N0 | FACEFEED)
I |
D |
P |
N |
Program exited
