------------------------------------
[17:06:33 26.09]Program started
aList dump
    List at 000000000023FDE0
    Head: 1 Tail 0 Capacity 10
    List ok
I |    1    2    3    4    5    6    7    8    9   10
D |    0  404  404  404  404  404  404  404  404  404
P |    0    0    0    0    0    0    0    0    0    0
N |    0    0    0    0    0    0    0    0    0    0
aList dump
    List at 000000000023FDE0
    Head: 1 Tail 0 Capacity 10
    List ok
I |    1    2    3    4    5    6    7    8    9   10
D |    1  404  404  404  404  404  404  404  404  404
P |    1    0    0    0    0    0    0    0    0    0
N |    0    0    0    0    0    0    0    0    0    0
aList dump
    List at 000000000023FDE0
    Head: 2 Tail 0 Capacity 10
    List ok
I |    1    2    3    4    5    6    7    8    9   10
D |    1    2  404  404  404  404  404  404  404  404
P |    2    0    0    0    0    0    0    0    0    0
N |    0    0    0    0    0    0    0    0    0    0
aList dump
    List at 000000000023FDE0
    Head: 2 Tail 0 Capacity 10
    List ok
I |    1    2    3    4    5    6    7    8    9   10
D |    1    3  404  404  404  404  404  404  404  404
P |    2    2    0    0    0    0    0    0    0    0
N |    0    0    0    0    0    0    0    0    0    0
aList dump
    List at 000000000023FDE0
    Head: 3 Tail 0 Capacity 10
    List ok
I |    1    2    3    4    5    6    7    8    9   10
D |    1    3    4  404  404  404  404  404  404  404
P |    2    3    0    0    0    0    0    0    0    0
N |    0    0    0    0    0    0    0    0    0    0
aList dump
    List at 000000000023FDE0
    Head: 3 Tail 0 Capacity 10
    List ok
I |    1    2    3    4    5    6    7    8    9   10
D |    1    3    5  404  404  404  404  404  404  404
P |    2    3    3    0    0    0    0    0    0    0
N |    0    0    0    0    0    0    0    0    0    0
aList dump
    List at 000000000023FDE0
    Head: 4 Tail 0 Capacity 10
    List ok
I |    1    2    3    4    5    6    7    8    9   10
D |    1    3    5    6  404  404  404  404  404  404
P |    2    3    4    0    0    0    0    0    0    0
N |    0    0    0    0    0    0    0    0    0    0
aList dump
    List at 000000000023FDE0
    Head: 4 Tail 0 Capacity 10
    List ok
I |    1    2    3    4    5    6    7    8    9   10
D |    1    3    5    7  404  404  404  404  404  404
P |    2    3    4    4    0    0    0    0    0    0
N |    0    0    0    0    0    0    0    0    0    0
aList dump
    List at 000000000023FDE0
    Head: 5 Tail 0 Capacity 10
    List ok
I |    1    2    3    4    5    6    7    8    9   10
D |    1    3    5    7    8  404  404  404  404  404
P |    2    3    4    5    0    0    0    0    0    0
N |    0    0    0    0    0    0    0    0    0    0
aList dump
    List at 000000000023FDE0
    Head: 5 Tail 0 Capacity 10
    List ok
I |    1    2    3    4    5    6    7    8    9   10
D |    1    3    5    7    9  404  404  404  404  404
P |    2    3    4    5    5    0    0    0    0    0
N |    0    0    0    0    0    0    0    0    0    0
Program exited
