------------------------------------
[15:45:36 26.09]Program started
[15:45:36][info]List dump
[15:45:36][info]    List at 000000000023FDE0
[15:45:36][info]    Head: 0 Tail 0 Capacity 0
[15:45:36][info]    ERRORS:     (BAD) Data corrupted
     (BAD) List in invalid state (check head/tail)
     Left struct canary bad (DEADBEEF | DEADBEEF)
     Right struct canary bad (FACEFEED | FACEFEED)
     Data pointer is null
[15:45:36][ERROR]List error at: 
File:C:\Users\Danila\Desktop\List\List.cpp 
Line:312 
Func:size_t listPushAfter(List*, size_t, int, varError_t*)
[15:45:36][info]List dump
[15:45:36][info]    List at 000000000023FDE0
[15:45:36][info]    Head: 0 Tail 0 Capacity 0
[15:45:36][info]    ERRORS:     (BAD) Data corrupted
     (BAD) List in invalid state (check head/tail)
     Left struct canary bad (DEADBEEF | DEADBEEF)
     Right struct canary bad (FACEFEED | FACEFEED)
     Data pointer is null
[15:45:36][info]List dump
[15:45:36][info]    List at 000000000023FDE0
[15:45:36][info]    Head: 0 Tail 0 Capacity 0
[15:45:36][info]    ERRORS:     (BAD) Data corrupted
     (BAD) List in invalid state (check head/tail)
     Left struct canary bad (DEADBEEF | DEADBEEF)
     Right struct canary bad (FACEFEED | FACEFEED)
     Data pointer is null
[15:45:36][ERROR]List error at: 
File:C:\Users\Danila\Desktop\List\List.cpp 
Line:312 
Func:size_t listPushAfter(List*, size_t, int, varError_t*)
[15:45:36][info]List dump
[15:45:36][info]    List at 000000000023FDE0
[15:45:36][info]    Head: 0 Tail 0 Capacity 0
[15:45:36][info]    ERRORS:     (BAD) Data corrupted
     (BAD) List in invalid state (check head/tail)
     Left struct canary bad (DEADBEEF | DEADBEEF)
     Right struct canary bad (FACEFEED | FACEFEED)
     Data pointer is null
[15:45:36][info]List dump
[15:45:36][info]    List at 000000000023FDE0
[15:45:36][info]    Head: 0 Tail 0 Capacity 0
[15:45:36][info]    ERRORS:     (BAD) Data corrupted
     (BAD) List in invalid state (check head/tail)
     Left struct canary bad (DEADBEEF | DEADBEEF)
     Right struct canary bad (FACEFEED | FACEFEED)
     Data pointer is null
[15:45:36][ERROR]List error at: 
File:C:\Users\Danila\Desktop\List\List.cpp 
Line:312 
Func:size_t listPushAfter(List*, size_t, int, varError_t*)
[15:45:36][info]List dump
[15:45:36][info]    List at 000000000023FDE0
[15:45:36][info]    Head: 0 Tail 0 Capacity 0
[15:45:36][info]    ERRORS:     (BAD) Data corrupted
     (BAD) List in invalid state (check head/tail)
     Left struct canary bad (DEADBEEF | DEADBEEF)
     Right struct canary bad (FACEFEED | FACEFEED)
     Data pointer is null
[15:45:36][info]List dump
[15:45:36][info]    List at 000000000023FDE0
[15:45:36][info]    Head: 0 Tail 0 Capacity 0
[15:45:36][info]    ERRORS:     (BAD) Data corrupted
     (BAD) List in invalid state (check head/tail)
     Left struct canary bad (DEADBEEF | DEADBEEF)
     Right struct canary bad (FACEFEED | FACEFEED)
     Data pointer is null
[15:45:36][ERROR]List error at: 
File:C:\Users\Danila\Desktop\List\List.cpp 
Line:312 
Func:size_t listPushAfter(List*, size_t, int, varError_t*)
[15:45:36][info]List dump
[15:45:36][info]    List at 000000000023FDE0
[15:45:36][info]    Head: 0 Tail 0 Capacity 0
[15:45:36][info]    ERRORS:     (BAD) Data corrupted
     (BAD) List in invalid state (check head/tail)
     Left struct canary bad (DEADBEEF | DEADBEEF)
     Right struct canary bad (FACEFEED | FACEFEED)
     Data pointer is null
[15:45:36][info]List dump
[15:45:36][info]    List at 000000000023FDE0
[15:45:36][info]    Head: 0 Tail 0 Capacity 0
[15:45:36][info]    ERRORS:     (BAD) Data corrupted
     (BAD) List in invalid state (check head/tail)
     Left struct canary bad (DEADBEEF | DEADBEEF)
     Right struct canary bad (FACEFEED | FACEFEED)
     Data pointer is null
[15:45:36][ERROR]List error at: 
File:C:\Users\Danila\Desktop\List\List.cpp 
Line:312 
Func:size_t listPushAfter(List*, size_t, int, varError_t*)
[15:45:36][info]List dump
[15:45:36][info]    List at 000000000023FDE0
[15:45:36][info]    Head: 0 Tail 0 Capacity 0
[15:45:36][info]    ERRORS:     (BAD) Data corrupted
     (BAD) List in invalid state (check head/tail)
     Left struct canary bad (DEADBEEF | DEADBEEF)
     Right struct canary bad (FACEFEED | FACEFEED)
     Data pointer is null
[15:45:36][info]List dump
[15:45:36][info]    List at 000000000023FDE0
[15:45:36][info]    Head: 0 Tail 0 Capacity 0
[15:45:36][info]    ERRORS:     (BAD) Data corrupted
     (BAD) List in invalid state (check head/tail)
     Left struct canary bad (DEADBEEF | DEADBEEF)
     Right struct canary bad (FACEFEED | FACEFEED)
     Data pointer is null
[15:45:36][ERROR]List error at: 
File:C:\Users\Danila\Desktop\List\List.cpp 
Line:312 
Func:size_t listPushAfter(List*, size_t, int, varError_t*)
[15:45:36][info]List dump
[15:45:36][info]    List at 000000000023FDE0
[15:45:36][info]    Head: 0 Tail 0 Capacity 0
[15:45:36][info]    ERRORS:     (BAD) Data corrupted
     (BAD) List in invalid state (check head/tail)
     Left struct canary bad (DEADBEEF | DEADBEEF)
     Right struct canary bad (FACEFEED | FACEFEED)
     Data pointer is null
[15:45:36][info]List dump
[15:45:36][info]    List at 000000000023FDE0
[15:45:36][info]    Head: 0 Tail 0 Capacity 0
[15:45:36][info]    ERRORS:     (BAD) Data corrupted
     (BAD) List in invalid state (check head/tail)
     Left struct canary bad (DEADBEEF | DEADBEEF)
     Right struct canary bad (FACEFEED | FACEFEED)
     Data pointer is null
[15:45:36][ERROR]List error at: 
File:C:\Users\Danila\Desktop\List\List.cpp 
Line:312 
Func:size_t listPushAfter(List*, size_t, int, varError_t*)
[15:45:36][info]List dump
[15:45:36][info]    List at 000000000023FDE0
[15:45:36][info]    Head: 0 Tail 0 Capacity 0
[15:45:36][info]    ERRORS:     (BAD) Data corrupted
     (BAD) List in invalid state (check head/tail)
     Left struct canary bad (DEADBEEF | DEADBEEF)
     Right struct canary bad (FACEFEED | FACEFEED)
     Data pointer is null
[15:45:36][info]List dump
[15:45:36][info]    List at 000000000023FDE0
[15:45:36][info]    Head: 0 Tail 0 Capacity 0
[15:45:36][info]    ERRORS:     (BAD) Data corrupted
     (BAD) List in invalid state (check head/tail)
     Left struct canary bad (DEADBEEF | DEADBEEF)
     Right struct canary bad (FACEFEED | FACEFEED)
     Data pointer is null
[15:45:36][ERROR]List error at: 
File:C:\Users\Danila\Desktop\List\List.cpp 
Line:312 
Func:size_t listPushAfter(List*, size_t, int, varError_t*)
[15:45:36][info]List dump
[15:45:36][info]    List at 000000000023FDE0
[15:45:36][info]    Head: 0 Tail 0 Capacity 0
[15:45:36][info]    ERRORS:     (BAD) Data corrupted
     (BAD) List in invalid state (check head/tail)
     Left struct canary bad (DEADBEEF | DEADBEEF)
     Right struct canary bad (FACEFEED | FACEFEED)
     Data pointer is null
[15:45:36][info]List dump
[15:45:36][info]    List at 000000000023FDE0
[15:45:36][info]    Head: 0 Tail 0 Capacity 0
[15:45:36][info]    ERRORS:     (BAD) Data corrupted
     (BAD) List in invalid state (check head/tail)
     Left struct canary bad (DEADBEEF | DEADBEEF)
     Right struct canary bad (FACEFEED | FACEFEED)
     Data pointer is null
[15:45:36][ERROR]List error at: 
File:C:\Users\Danila\Desktop\List\List.cpp 
Line:312 
Func:size_t listPushAfter(List*, size_t, int, varError_t*)
[15:45:36][info]List dump
[15:45:36][info]    List at 000000000023FDE0
[15:45:36][info]    Head: 0 Tail 0 Capacity 0
[15:45:36][info]    ERRORS:     (BAD) Data corrupted
     (BAD) List in invalid state (check head/tail)
     Left struct canary bad (DEADBEEF | DEADBEEF)
     Right struct canary bad (FACEFEED | FACEFEED)
     Data pointer is null
[15:45:36][info]List dump
[15:45:36][info]    List at 000000000023FDE0
[15:45:36][info]    Head: 0 Tail 0 Capacity 0
[15:45:36][info]    ERRORS:     (BAD) Data corrupted
     (BAD) List in invalid state (check head/tail)
     Left struct canary bad (DEADBEEF | DEADBEEF)
     Right struct canary bad (FACEFEED | FACEFEED)
     Data pointer is null
[15:45:36][ERROR]List error at: 
File:C:\Users\Danila\Desktop\List\List.cpp 
Line:229 
Func:varError_t listDtor(List*)
[15:45:36][info]List dump
[15:45:36][info]    List at 000000000023FDE0
[15:45:36][info]    Head: 0 Tail 0 Capacity 0
[15:45:36][info]    ERRORS:     (BAD) Data corrupted
     (BAD) List in invalid state (check head/tail)
     Left struct canary bad (DEADBEEF | DEADBEEF)
     Right struct canary bad (FACEFEED | FACEFEED)
     Data pointer is null
Program exited
