------------------------------------
[16:42:35 26.09]Program started
bcdList dump
    List at 000000000023FDE0
    Head: 0 Tail 0 Capacity 10
    ERRORS:
     Left data canary bad (DDEADBEEF-PDEADBEEF-NDEADBEEF | DEADBEEF)
     Right data canary bad (DDEADBEEF-PDEADBEEF-NDEADBEEF | FACEFEED)
I |    1    2    3    4    5    6    7    8    9   10
D |    0    0    0    01408376731335562909    0-559038737-559038737    0
P |    0    0    0    0    0    0    0    0    0    0
N |    0    0    0    0    0    0    0    0    0    0
aList dump
    List at 000000000023FDE0
    Head: 1 Tail 0 Capacity 10
    ERRORS:
     Left data canary bad (DDEADBEEF-PDEADBEEF-NDEADBEEF | DEADBEEF)
     Right data canary bad (DDEADBEEF-PDEADBEEF-NDEADBEEF | FACEFEED)
I |    1    2    3    4    5    6    7    8    9   10
D |    0    0    0    01408376731335562909    0-559038737-559038737    0
P |    0    0    0    0    0    0    0    0    0    0
N |    0    0    0    0    0    0    0    0    0    0
[16:42:35][ERROR]List error at: 
File:C:\Users\Danila\Desktop\List\List.cpp 
Line:317 
Func:size_t listPushAfter(List*, size_t, int, varError_t*)
List dump
    List at 000000000023FDE0
    Head: 1 Tail 0 Capacity 10
    ERRORS:
     Left data canary bad (DDEADBEEF-PDEADBEEF-NDEADBEEF | DEADBEEF)
     Right data canary bad (DDEADBEEF-PDEADBEEF-NDEADBEEF | FACEFEED)
I |    1    2    3    4    5    6    7    8    9   10
D |    0    0    0    01408376731335562909    0-559038737-559038737    0
P |    0    0    0    0    0    0    0    0    0    0
N |    0    0    0    0    0    0    0    0    0    0
aList dump
    List at 000000000023FDE0
    Head: 1 Tail 0 Capacity 10
    ERRORS:
     Left data canary bad (DDEADBEEF-PDEADBEEF-NDEADBEEF | DEADBEEF)
     Right data canary bad (DDEADBEEF-PDEADBEEF-NDEADBEEF | FACEFEED)
I |    1    2    3    4    5    6    7    8    9   10
D |    0    0    0    01408376731335562909    0-559038737-559038737    0
P |    0    0    0    0    0    0    0    0    0    0
N |    0    0    0    0    0    0    0    0    0    0
[16:42:35][ERROR]List error at: 
File:C:\Users\Danila\Desktop\List\List.cpp 
Line:317 
Func:size_t listPushAfter(List*, size_t, int, varError_t*)
List dump
    List at 000000000023FDE0
    Head: 1 Tail 0 Capacity 10
    ERRORS:
     Left data canary bad (DDEADBEEF-PDEADBEEF-NDEADBEEF | DEADBEEF)
     Right data canary bad (DDEADBEEF-PDEADBEEF-NDEADBEEF | FACEFEED)
I |    1    2    3    4    5    6    7    8    9   10
D |    0    0    0    01408376731335562909    0-559038737-559038737    0
P |    0    0    0    0    0    0    0    0    0    0
N |    0    0    0    0    0    0    0    0    0    0
aList dump
    List at 000000000023FDE0
    Head: 1 Tail 0 Capacity 10
    ERRORS:
     Left data canary bad (DDEADBEEF-PDEADBEEF-NDEADBEEF | DEADBEEF)
     Right data canary bad (DDEADBEEF-PDEADBEEF-NDEADBEEF | FACEFEED)
I |    1    2    3    4    5    6    7    8    9   10
D |    0    0    0    01408376731335562909    0-559038737-559038737    0
P |    0    0    0    0    0    0    0    0    0    0
N |    0    0    0    0    0    0    0    0    0    0
[16:42:35][ERROR]List error at: 
File:C:\Users\Danila\Desktop\List\List.cpp 
Line:317 
Func:size_t listPushAfter(List*, size_t, int, varError_t*)
List dump
    List at 000000000023FDE0
    Head: 1 Tail 0 Capacity 10
    ERRORS:
     Left data canary bad (DDEADBEEF-PDEADBEEF-NDEADBEEF | DEADBEEF)
     Right data canary bad (DDEADBEEF-PDEADBEEF-NDEADBEEF | FACEFEED)
I |    1    2    3    4    5    6    7    8    9   10
D |    0    0    0    01408376731335562909    0-559038737-559038737    0
P |    0    0    0    0    0    0    0    0    0    0
N |    0    0    0    0    0    0    0    0    0    0
aList dump
    List at 000000000023FDE0
    Head: 1 Tail 0 Capacity 10
    ERRORS:
     Left data canary bad (DDEADBEEF-PDEADBEEF-NDEADBEEF | DEADBEEF)
     Right data canary bad (DDEADBEEF-PDEADBEEF-NDEADBEEF | FACEFEED)
I |    1    2    3    4    5    6    7    8    9   10
D |    0    0    0    01408376731335562909    0-559038737-559038737    0
P |    0    0    0    0    0    0    0    0    0    0
N |    0    0    0    0    0    0    0    0    0    0
[16:42:35][ERROR]List error at: 
File:C:\Users\Danila\Desktop\List\List.cpp 
Line:317 
Func:size_t listPushAfter(List*, size_t, int, varError_t*)
List dump
    List at 000000000023FDE0
    Head: 1 Tail 0 Capacity 10
    ERRORS:
     Left data canary bad (DDEADBEEF-PDEADBEEF-NDEADBEEF | DEADBEEF)
     Right data canary bad (DDEADBEEF-PDEADBEEF-NDEADBEEF | FACEFEED)
I |    1    2    3    4    5    6    7    8    9   10
D |    0    0    0    01408376731335562909    0-559038737-559038737    0
P |    0    0    0    0    0    0    0    0    0    0
N |    0    0    0    0    0    0    0    0    0    0
aList dump
    List at 000000000023FDE0
    Head: 1 Tail 0 Capacity 10
    ERRORS:
     Left data canary bad (DDEADBEEF-PDEADBEEF-NDEADBEEF | DEADBEEF)
     Right data canary bad (DDEADBEEF-PDEADBEEF-NDEADBEEF | FACEFEED)
I |    1    2    3    4    5    6    7    8    9   10
D |    0    0    0    01408376731335562909    0-559038737-559038737    0
P |    0    0    0    0    0    0    0    0    0    0
N |    0    0    0    0    0    0    0    0    0    0
[16:42:35][ERROR]List error at: 
File:C:\Users\Danila\Desktop\List\List.cpp 
Line:317 
Func:size_t listPushAfter(List*, size_t, int, varError_t*)
List dump
    List at 000000000023FDE0
    Head: 1 Tail 0 Capacity 10
    ERRORS:
     Left data canary bad (DDEADBEEF-PDEADBEEF-NDEADBEEF | DEADBEEF)
     Right data canary bad (DDEADBEEF-PDEADBEEF-NDEADBEEF | FACEFEED)
I |    1    2    3    4    5    6    7    8    9   10
D |    0    0    0    01408376731335562909    0-559038737-559038737    0
P |    0    0    0    0    0    0    0    0    0    0
N |    0    0    0    0    0    0    0    0    0    0
aList dump
    List at 000000000023FDE0
    Head: 1 Tail 0 Capacity 10
    ERRORS:
     Left data canary bad (DDEADBEEF-PDEADBEEF-NDEADBEEF | DEADBEEF)
     Right data canary bad (DDEADBEEF-PDEADBEEF-NDEADBEEF | FACEFEED)
I |    1    2    3    4    5    6    7    8    9   10
D |    0    0    0    01408376731335562909    0-559038737-559038737    0
P |    0    0    0    0    0    0    0    0    0    0
N |    0    0    0    0    0    0    0    0    0    0
[16:42:35][ERROR]List error at: 
File:C:\Users\Danila\Desktop\List\List.cpp 
Line:317 
Func:size_t listPushAfter(List*, size_t, int, varError_t*)
List dump
    List at 000000000023FDE0
    Head: 1 Tail 0 Capacity 10
    ERRORS:
     Left data canary bad (DDEADBEEF-PDEADBEEF-NDEADBEEF | DEADBEEF)
     Right data canary bad (DDEADBEEF-PDEADBEEF-NDEADBEEF | FACEFEED)
I |    1    2    3    4    5    6    7    8    9   10
D |    0    0    0    01408376731335562909    0-559038737-559038737    0
P |    0    0    0    0    0    0    0    0    0    0
N |    0    0    0    0    0    0    0    0    0    0
aList dump
    List at 000000000023FDE0
    Head: 1 Tail 0 Capacity 10
    ERRORS:
     Left data canary bad (DDEADBEEF-PDEADBEEF-NDEADBEEF | DEADBEEF)
     Right data canary bad (DDEADBEEF-PDEADBEEF-NDEADBEEF | FACEFEED)
I |    1    2    3    4    5    6    7    8    9   10
D |    0    0    0    01408376731335562909    0-559038737-559038737    0
P |    0    0    0    0    0    0    0    0    0    0
N |    0    0    0    0    0    0    0    0    0    0
[16:42:35][ERROR]List error at: 
File:C:\Users\Danila\Desktop\List\List.cpp 
Line:317 
Func:size_t listPushAfter(List*, size_t, int, varError_t*)
List dump
    List at 000000000023FDE0
    Head: 1 Tail 0 Capacity 10
    ERRORS:
     Left data canary bad (DDEADBEEF-PDEADBEEF-NDEADBEEF | DEADBEEF)
     Right data canary bad (DDEADBEEF-PDEADBEEF-NDEADBEEF | FACEFEED)
I |    1    2    3    4    5    6    7    8    9   10
D |    0    0    0    01408376731335562909    0-559038737-559038737    0
P |    0    0    0    0    0    0    0    0    0    0
N |    0    0    0    0    0    0    0    0    0    0
aList dump
    List at 000000000023FDE0
    Head: 1 Tail 0 Capacity 10
    ERRORS:
     Left data canary bad (DDEADBEEF-PDEADBEEF-NDEADBEEF | DEADBEEF)
     Right data canary bad (DDEADBEEF-PDEADBEEF-NDEADBEEF | FACEFEED)
I |    1    2    3    4    5    6    7    8    9   10
D |    0    0    0    01408376731335562909    0-559038737-559038737    0
P |    0    0    0    0    0    0    0    0    0    0
N |    0    0    0    0    0    0    0    0    0    0
[16:42:35][ERROR]List error at: 
File:C:\Users\Danila\Desktop\List\List.cpp 
Line:317 
Func:size_t listPushAfter(List*, size_t, int, varError_t*)
List dump
    List at 000000000023FDE0
    Head: 1 Tail 0 Capacity 10
    ERRORS:
     Left data canary bad (DDEADBEEF-PDEADBEEF-NDEADBEEF | DEADBEEF)
     Right data canary bad (DDEADBEEF-PDEADBEEF-NDEADBEEF | FACEFEED)
I |    1    2    3    4    5    6    7    8    9   10
D |    0    0    0    01408376731335562909    0-559038737-559038737    0
P |    0    0    0    0    0    0    0    0    0    0
N |    0    0    0    0    0    0    0    0    0    0
aList dump
    List at 000000000023FDE0
    Head: 1 Tail 0 Capacity 10
    ERRORS:
     Left data canary bad (DDEADBEEF-PDEADBEEF-NDEADBEEF | DEADBEEF)
     Right data canary bad (DDEADBEEF-PDEADBEEF-NDEADBEEF | FACEFEED)
I |    1    2    3    4    5    6    7    8    9   10
D |    0    0    0    01408376731335562909    0-559038737-559038737    0
P |    0    0    0    0    0    0    0    0    0    0
N |    0    0    0    0    0    0    0    0    0    0
[16:42:35][ERROR]List error at: 
File:C:\Users\Danila\Desktop\List\List.cpp 
Line:317 
Func:size_t listPushAfter(List*, size_t, int, varError_t*)
List dump
    List at 000000000023FDE0
    Head: 1 Tail 0 Capacity 10
    ERRORS:
     Left data canary bad (DDEADBEEF-PDEADBEEF-NDEADBEEF | DEADBEEF)
     Right data canary bad (DDEADBEEF-PDEADBEEF-NDEADBEEF | FACEFEED)
I |    1    2    3    4    5    6    7    8    9   10
D |    0    0    0    01408376731335562909    0-559038737-559038737    0
P |    0    0    0    0    0    0    0    0    0    0
N |    0    0    0    0    0    0    0    0    0    0
aList dump
    List at 000000000023FDE0
    Head: 1 Tail 0 Capacity 10
    ERRORS:
     Left data canary bad (DDEADBEEF-PDEADBEEF-NDEADBEEF | DEADBEEF)
     Right data canary bad (DDEADBEEF-PDEADBEEF-NDEADBEEF | FACEFEED)
I |    1    2    3    4    5    6    7    8    9   10
D |    0    0    0    01408376731335562909    0-559038737-559038737    0
P |    0    0    0    0    0    0    0    0    0    0
N |    0    0    0    0    0    0    0    0    0    0
[16:42:35][ERROR]List error at: 
File:C:\Users\Danila\Desktop\List\List.cpp 
Line:231 
Func:varError_t listDtor(List*)
List dump
    List at 000000000023FDE0
    Head: 1 Tail 0 Capacity 10
    ERRORS:
     Left data canary bad (DDEADBEEF-PDEADBEEF-NDEADBEEF | DEADBEEF)
     Right data canary bad (DDEADBEEF-PDEADBEEF-NDEADBEEF | FACEFEED)
I |    1    2    3    4    5    6    7    8    9   10
D |    0    0    0    01408376731335562909    0-559038737-559038737    0
P |    0    0    0    0    0    0    0    0    0    0
N |    0    0    0    0    0    0    0    0    0    0
Program exited
