------------------------------------
[16:37:02 26.09]Program started
bcdaList dump
    List at 000000000023FDE0
    Head: 1 Tail 0 Capacity 10
    ERRORS:
     Left data canary bad (DDEADBEEF-PDEADBEEF-NDEADBEEF | DEADBEEF)
     Right data canary bad (DDEADBEEF-PDEADBEEF-NDEADBEEF | FACEFEED)
I |    0    1    2    3    4    5    6    7    8    9
D |-559038737    0    0    0    01257733794335594096    0-559038737-559038737
P |-559038737    0    0    0    0    0    0    0    0    0
N |    0    0    0    0    0    0    0    0    0    0
[16:37:02][ERROR]List error at: 
File:C:\Users\Danila\Desktop\List\List.cpp 
Line:317 
Func:size_t listPushAfter(List*, size_t, int, varError_t*)
List dump
    List at 000000000023FDE0
    Head: 1 Tail 0 Capacity 10
    ERRORS:
     Left data canary bad (DDEADBEEF-PDEADBEEF-NDEADBEEF | DEADBEEF)
     Right data canary bad (DDEADBEEF-PDEADBEEF-NDEADBEEF | FACEFEED)
I |    0    1    2    3    4    5    6    7    8    9
D |-559038737    0    0    0    01257733794335594096    0-559038737-559038737
P |-559038737    0    0    0    0    0    0    0    0    0
N |    0    0    0    0    0    0    0    0    0    0
aList dump
    List at 000000000023FDE0
    Head: 1 Tail 0 Capacity 10
    ERRORS:
     Left data canary bad (DDEADBEEF-PDEADBEEF-NDEADBEEF | DEADBEEF)
     Right data canary bad (DDEADBEEF-PDEADBEEF-NDEADBEEF | FACEFEED)
I |    0    1    2    3    4    5    6    7    8    9
D |-559038737    0    0    0    01257733794335594096    0-559038737-559038737
P |-559038737    0    0    0    0    0    0    0    0    0
N |    0    0    0    0    0    0    0    0    0    0
[16:37:03][ERROR]List error at: 
File:C:\Users\Danila\Desktop\List\List.cpp 
Line:317 
Func:size_t listPushAfter(List*, size_t, int, varError_t*)
List dump
    List at 000000000023FDE0
    Head: 1 Tail 0 Capacity 10
    ERRORS:
     Left data canary bad (DDEADBEEF-PDEADBEEF-NDEADBEEF | DEADBEEF)
     Right data canary bad (DDEADBEEF-PDEADBEEF-NDEADBEEF | FACEFEED)
I |    0    1    2    3    4    5    6    7    8    9
D |-559038737    0    0    0    01257733794335594096    0-559038737-559038737
P |-559038737    0    0    0    0    0    0    0    0    0
N |    0    0    0    0    0    0    0    0    0    0
aList dump
    List at 000000000023FDE0
    Head: 1 Tail 0 Capacity 10
    ERRORS:
     Left data canary bad (DDEADBEEF-PDEADBEEF-NDEADBEEF | DEADBEEF)
     Right data canary bad (DDEADBEEF-PDEADBEEF-NDEADBEEF | FACEFEED)
I |    0    1    2    3    4    5    6    7    8    9
D |-559038737    0    0    0    01257733794335594096    0-559038737-559038737
P |-559038737    0    0    0    0    0    0    0    0    0
N |    0    0    0    0    0    0    0    0    0    0
[16:37:03][ERROR]List error at: 
File:C:\Users\Danila\Desktop\List\List.cpp 
Line:317 
Func:size_t listPushAfter(List*, size_t, int, varError_t*)
List dump
    List at 000000000023FDE0
    Head: 1 Tail 0 Capacity 10
    ERRORS:
     Left data canary bad (DDEADBEEF-PDEADBEEF-NDEADBEEF | DEADBEEF)
     Right data canary bad (DDEADBEEF-PDEADBEEF-NDEADBEEF | FACEFEED)
I |    0    1    2    3    4    5    6    7    8    9
D |-559038737    0    0    0    01257733794335594096    0-559038737-559038737
P |-559038737    0    0    0    0    0    0    0    0    0
N |    0    0    0    0    0    0    0    0    0    0
aList dump
    List at 000000000023FDE0
    Head: 1 Tail 0 Capacity 10
    ERRORS:
     Left data canary bad (DDEADBEEF-PDEADBEEF-NDEADBEEF | DEADBEEF)
     Right data canary bad (DDEADBEEF-PDEADBEEF-NDEADBEEF | FACEFEED)
I |    0    1    2    3    4    5    6    7    8    9
D |-559038737    0    0    0    01257733794335594096    0-559038737-559038737
P |-559038737    0    0    0    0    0    0    0    0    0
N |    0    0    0    0    0    0    0    0    0    0
[16:37:03][ERROR]List error at: 
File:C:\Users\Danila\Desktop\List\List.cpp 
Line:317 
Func:size_t listPushAfter(List*, size_t, int, varError_t*)
List dump
    List at 000000000023FDE0
    Head: 1 Tail 0 Capacity 10
    ERRORS:
     Left data canary bad (DDEADBEEF-PDEADBEEF-NDEADBEEF | DEADBEEF)
     Right data canary bad (DDEADBEEF-PDEADBEEF-NDEADBEEF | FACEFEED)
I |    0    1    2    3    4    5    6    7    8    9
D |-559038737    0    0    0    01257733794335594096    0-559038737-559038737
P |-559038737    0    0    0    0    0    0    0    0    0
N |    0    0    0    0    0    0    0    0    0    0
aList dump
    List at 000000000023FDE0
    Head: 1 Tail 0 Capacity 10
    ERRORS:
     Left data canary bad (DDEADBEEF-PDEADBEEF-NDEADBEEF | DEADBEEF)
     Right data canary bad (DDEADBEEF-PDEADBEEF-NDEADBEEF | FACEFEED)
I |    0    1    2    3    4    5    6    7    8    9
D |-559038737    0    0    0    01257733794335594096    0-559038737-559038737
P |-559038737    0    0    0    0    0    0    0    0    0
N |    0    0    0    0    0    0    0    0    0    0
[16:37:03][ERROR]List error at: 
File:C:\Users\Danila\Desktop\List\List.cpp 
Line:317 
Func:size_t listPushAfter(List*, size_t, int, varError_t*)
List dump
    List at 000000000023FDE0
    Head: 1 Tail 0 Capacity 10
    ERRORS:
     Left data canary bad (DDEADBEEF-PDEADBEEF-NDEADBEEF | DEADBEEF)
     Right data canary bad (DDEADBEEF-PDEADBEEF-NDEADBEEF | FACEFEED)
I |    0    1    2    3    4    5    6    7    8    9
D |-559038737    0    0    0    01257733794335594096    0-559038737-559038737
P |-559038737    0    0    0    0    0    0    0    0    0
N |    0    0    0    0    0    0    0    0    0    0
aList dump
    List at 000000000023FDE0
    Head: 1 Tail 0 Capacity 10
    ERRORS:
     Left data canary bad (DDEADBEEF-PDEADBEEF-NDEADBEEF | DEADBEEF)
     Right data canary bad (DDEADBEEF-PDEADBEEF-NDEADBEEF | FACEFEED)
I |    0    1    2    3    4    5    6    7    8    9
D |-559038737    0    0    0    01257733794335594096    0-559038737-559038737
P |-559038737    0    0    0    0    0    0    0    0    0
N |    0    0    0    0    0    0    0    0    0    0
[16:37:03][ERROR]List error at: 
File:C:\Users\Danila\Desktop\List\List.cpp 
Line:317 
Func:size_t listPushAfter(List*, size_t, int, varError_t*)
List dump
    List at 000000000023FDE0
    Head: 1 Tail 0 Capacity 10
    ERRORS:
     Left data canary bad (DDEADBEEF-PDEADBEEF-NDEADBEEF | DEADBEEF)
     Right data canary bad (DDEADBEEF-PDEADBEEF-NDEADBEEF | FACEFEED)
I |    0    1    2    3    4    5    6    7    8    9
D |-559038737    0    0    0    01257733794335594096    0-559038737-559038737
P |-559038737    0    0    0    0    0    0    0    0    0
N |    0    0    0    0    0    0    0    0    0    0
aList dump
    List at 000000000023FDE0
    Head: 1 Tail 0 Capacity 10
    ERRORS:
     Left data canary bad (DDEADBEEF-PDEADBEEF-NDEADBEEF | DEADBEEF)
     Right data canary bad (DDEADBEEF-PDEADBEEF-NDEADBEEF | FACEFEED)
I |    0    1    2    3    4    5    6    7    8    9
D |-559038737    0    0    0    01257733794335594096    0-559038737-559038737
P |-559038737    0    0    0    0    0    0    0    0    0
N |    0    0    0    0    0    0    0    0    0    0
[16:37:03][ERROR]List error at: 
File:C:\Users\Danila\Desktop\List\List.cpp 
Line:317 
Func:size_t listPushAfter(List*, size_t, int, varError_t*)
List dump
    List at 000000000023FDE0
    Head: 1 Tail 0 Capacity 10
    ERRORS:
     Left data canary bad (DDEADBEEF-PDEADBEEF-NDEADBEEF | DEADBEEF)
     Right data canary bad (DDEADBEEF-PDEADBEEF-NDEADBEEF | FACEFEED)
I |    0    1    2    3    4    5    6    7    8    9
D |-559038737    0    0    0    01257733794335594096    0-559038737-559038737
P |-559038737    0    0    0    0    0    0    0    0    0
N |    0    0    0    0    0    0    0    0    0    0
aList dump
    List at 000000000023FDE0
    Head: 1 Tail 0 Capacity 10
    ERRORS:
     Left data canary bad (DDEADBEEF-PDEADBEEF-NDEADBEEF | DEADBEEF)
     Right data canary bad (DDEADBEEF-PDEADBEEF-NDEADBEEF | FACEFEED)
I |    0    1    2    3    4    5    6    7    8    9
D |-559038737    0    0    0    01257733794335594096    0-559038737-559038737
P |-559038737    0    0    0    0    0    0    0    0    0
N |    0    0    0    0    0    0    0    0    0    0
[16:37:03][ERROR]List error at: 
File:C:\Users\Danila\Desktop\List\List.cpp 
Line:317 
Func:size_t listPushAfter(List*, size_t, int, varError_t*)
List dump
    List at 000000000023FDE0
    Head: 1 Tail 0 Capacity 10
    ERRORS:
     Left data canary bad (DDEADBEEF-PDEADBEEF-NDEADBEEF | DEADBEEF)
     Right data canary bad (DDEADBEEF-PDEADBEEF-NDEADBEEF | FACEFEED)
I |    0    1    2    3    4    5    6    7    8    9
D |-559038737    0    0    0    01257733794335594096    0-559038737-559038737
P |-559038737    0    0    0    0    0    0    0    0    0
N |    0    0    0    0    0    0    0    0    0    0
aList dump
    List at 000000000023FDE0
    Head: 1 Tail 0 Capacity 10
    ERRORS:
     Left data canary bad (DDEADBEEF-PDEADBEEF-NDEADBEEF | DEADBEEF)
     Right data canary bad (DDEADBEEF-PDEADBEEF-NDEADBEEF | FACEFEED)
I |    0    1    2    3    4    5    6    7    8    9
D |-559038737    0    0    0    01257733794335594096    0-559038737-559038737
P |-559038737    0    0    0    0    0    0    0    0    0
N |    0    0    0    0    0    0    0    0    0    0
[16:37:03][ERROR]List error at: 
File:C:\Users\Danila\Desktop\List\List.cpp 
Line:317 
Func:size_t listPushAfter(List*, size_t, int, varError_t*)
List dump
    List at 000000000023FDE0
    Head: 1 Tail 0 Capacity 10
    ERRORS:
     Left data canary bad (DDEADBEEF-PDEADBEEF-NDEADBEEF | DEADBEEF)
     Right data canary bad (DDEADBEEF-PDEADBEEF-NDEADBEEF | FACEFEED)
I |    0    1    2    3    4    5    6    7    8    9
D |-559038737    0    0    0    01257733794335594096    0-559038737-559038737
P |-559038737    0    0    0    0    0    0    0    0    0
N |    0    0    0    0    0    0    0    0    0    0
aList dump
    List at 000000000023FDE0
    Head: 1 Tail 0 Capacity 10
    ERRORS:
     Left data canary bad (DDEADBEEF-PDEADBEEF-NDEADBEEF | DEADBEEF)
     Right data canary bad (DDEADBEEF-PDEADBEEF-NDEADBEEF | FACEFEED)
I |    0    1    2    3    4    5    6    7    8    9
D |-559038737    0    0    0    01257733794335594096    0-559038737-559038737
P |-559038737    0    0    0    0    0    0    0    0    0
N |    0    0    0    0    0    0    0    0    0    0
[16:37:03][ERROR]List error at: 
File:C:\Users\Danila\Desktop\List\List.cpp 
Line:231 
Func:varError_t listDtor(List*)
List dump
    List at 000000000023FDE0
    Head: 1 Tail 0 Capacity 10
    ERRORS:
     Left data canary bad (DDEADBEEF-PDEADBEEF-NDEADBEEF | DEADBEEF)
     Right data canary bad (DDEADBEEF-PDEADBEEF-NDEADBEEF | FACEFEED)
I |    0    1    2    3    4    5    6    7    8    9
D |-559038737    0    0    0    01257733794335594096    0-559038737-559038737
P |-559038737    0    0    0    0    0    0    0    0    0
N |    0    0    0    0    0    0    0    0    0    0
Program exited
