------------------------------------
[16:51:51 26.09]Program started
b
c
List dump
    List at 000000000023FDE0
    Head: 0 Tail 0 Capacity 10
    List ok
I |    1    2    3    4    5    6    7    8    9   10
D |    0    0    0    0    0    0    0    0    0    0
P |    0    0    0    0    0    0    0    0    0    0
N |    0    0    0    0    0    0    0    0    0    0
List dump
    List at 000000000023FDE0
    Head: 0 Tail 0 Capacity 10
    List ok
I |    1    2    3    4    5    6    7    8    9   10
D |  404    0    0    0    0    0    0    0    0    0
P |    0    0    0    0    0    0    0    0    0    0
N |    0    0    0    0    0    0    0    0    0    0
List dump
    List at 000000000023FDE0
    Head: 0 Tail 0 Capacity 10
    List ok
I |    1    2    3    4    5    6    7    8    9   10
D |  404  404    0    0    0    0    0    0    0    0
P |    0    0    0    0    0    0    0    0    0    0
N |    0    0    0    0    0    0    0    0    0    0
List dump
    List at 000000000023FDE0
    Head: 0 Tail 0 Capacity 10
    List ok
I |    1    2    3    4    5    6    7    8    9   10
D |  404  404  404    0    0    0    0    0    0    0
P |    0    0    0    0    0    0    0    0    0    0
N |    0    0    0    0    0    0    0    0    0    0
List dump
    List at 000000000023FDE0
    Head: 0 Tail 0 Capacity 10
    List ok
I |    1    2    3    4    5    6    7    8    9   10
D |  404  404  404  404    0    0    0    0    0    0
P |    0    0    0    0    0    0    0    0    0    0
N |    0    0    0    0    0    0    0    0    0    0
List dump
    List at 000000000023FDE0
    Head: 0 Tail 0 Capacity 10
    List ok
I |    1    2    3    4    5    6    7    8    9   10
D |  404  404  404  404  404    0    0    0    0    0
P |    0    0    0    0    0    0    0    0    0    0
N |    0    0    0    0    0    0    0    0    0    0
List dump
    List at 000000000023FDE0
    Head: 0 Tail 0 Capacity 10
    List ok
I |    1    2    3    4    5    6    7    8    9   10
D |  404  404  404  404  404  404    0    0    0    0
P |    0    0    0    0    0    0    0    0    0    0
N |    0    0    0    0    0    0    0    0    0    0
List dump
    List at 000000000023FDE0
    Head: 0 Tail 0 Capacity 10
    List ok
I |    1    2    3    4    5    6    7    8    9   10
D |  404  404  404  404  404  404  404    0    0    0
P |    0    0    0    0    0    0    0    0    0    0
N |    0    0    0    0    0    0    0    0    0    0
List dump
    List at 000000000023FDE0
    Head: 0 Tail 0 Capacity 10
    List ok
I |    1    2    3    4    5    6    7    8    9   10
D |  404  404  404  404  404  404  404  404    0    0
P |    0    0    0    0    0    0    0    0    0    0
N |    0    0    0    0    0    0    0    0    0    0
List dump
    List at 000000000023FDE0
    Head: 0 Tail 0 Capacity 10
    List ok
I |    1    2    3    4    5    6    7    8    9   10
D |  404  404  404  404  404  404  404  404  404    0
P |    0    0    0    0    0    0    0    0    0    0
N |    0    0    0    0    0    0    0    0    0    0
dList dump
    List at 000000000023FDE0
    Head: 0 Tail 0 Capacity 10
    List ok
I |    1    2    3    4    5    6    7    8    9   10
D |  404  404  404  404  404  404  404  404  404  404
P |    0    0    0    0    0    0    0    0    0    0
N |    0    0    0    0    0    0    0    0    0    0
aList dump
    List at 000000000023FDE0
    Head: 1 Tail 0 Capacity 10
    List ok
I |    1    2    3    4    5    6    7    8    9   10
D |    0  404  404  404  404  404  404  404  404  404
P |    0    0    0    0    0    0    0    0    0    0
N |    0    0    0    0    0    0    0    0    0    0
Program exited
