------------------------------------
[16:38:16 26.09]Program started
bcdaList dump
    List at 000000000023FDE0
    Head: 1 Tail 0 Capacity 10
    ERRORS:
     Left data canary bad (DDEADBEEF-PDEADBEEF-NDEADBEEF | DEADBEEF)
     Right data canary bad (DDEADBEEF-PDEADBEEF-NDEADBEEF | FACEFEED)
I |    0    1    2    3    4    5    6    7    8    9
D |-559038737d    0d    0d    0d    0d2123829271d335568599d    0d-559038737d-559038737d
P |3735928559    0    0    0    0    0    0    0    0    0
N |    0    0    0    0    0    0    0    0    0    0
[16:38:16][ERROR]List error at: 
File:C:\Users\Danila\Desktop\List\List.cpp 
Line:317 
Func:size_t listPushAfter(List*, size_t, int, varError_t*)
List dump
    List at 000000000023FDE0
    Head: 1 Tail 0 Capacity 10
    ERRORS:
     Left data canary bad (DDEADBEEF-PDEADBEEF-NDEADBEEF | DEADBEEF)
     Right data canary bad (DDEADBEEF-PDEADBEEF-NDEADBEEF | FACEFEED)
I |    0    1    2    3    4    5    6    7    8    9
D |-559038737d    0d    0d    0d    0d2123829271d335568599d    0d-559038737d-559038737d
P |3735928559    0    0    0    0    0    0    0    0    0
N |    0    0    0    0    0    0    0    0    0    0
aList dump
    List at 000000000023FDE0
    Head: 1 Tail 0 Capacity 10
    ERRORS:
     Left data canary bad (DDEADBEEF-PDEADBEEF-NDEADBEEF | DEADBEEF)
     Right data canary bad (DDEADBEEF-PDEADBEEF-NDEADBEEF | FACEFEED)
I |    0    1    2    3    4    5    6    7    8    9
D |-559038737d    0d    0d    0d    0d2123829271d335568599d    0d-559038737d-559038737d
P |3735928559    0    0    0    0    0    0    0    0    0
N |    0    0    0    0    0    0    0    0    0    0
[16:38:16][ERROR]List error at: 
File:C:\Users\Danila\Desktop\List\List.cpp 
Line:317 
Func:size_t listPushAfter(List*, size_t, int, varError_t*)
List dump
    List at 000000000023FDE0
    Head: 1 Tail 0 Capacity 10
    ERRORS:
     Left data canary bad (DDEADBEEF-PDEADBEEF-NDEADBEEF | DEADBEEF)
     Right data canary bad (DDEADBEEF-PDEADBEEF-NDEADBEEF | FACEFEED)
I |    0    1    2    3    4    5    6    7    8    9
D |-559038737d    0d    0d    0d    0d2123829271d335568599d    0d-559038737d-559038737d
P |3735928559    0    0    0    0    0    0    0    0    0
N |    0    0    0    0    0    0    0    0    0    0
aList dump
    List at 000000000023FDE0
    Head: 1 Tail 0 Capacity 10
    ERRORS:
     Left data canary bad (DDEADBEEF-PDEADBEEF-NDEADBEEF | DEADBEEF)
     Right data canary bad (DDEADBEEF-PDEADBEEF-NDEADBEEF | FACEFEED)
I |    0    1    2    3    4    5    6    7    8    9
D |-559038737d    0d    0d    0d    0d2123829271d335568599d    0d-559038737d-559038737d
P |3735928559    0    0    0    0    0    0    0    0    0
N |    0    0    0    0    0    0    0    0    0    0
[16:38:16][ERROR]List error at: 
File:C:\Users\Danila\Desktop\List\List.cpp 
Line:317 
Func:size_t listPushAfter(List*, size_t, int, varError_t*)
List dump
    List at 000000000023FDE0
    Head: 1 Tail 0 Capacity 10
    ERRORS:
     Left data canary bad (DDEADBEEF-PDEADBEEF-NDEADBEEF | DEADBEEF)
     Right data canary bad (DDEADBEEF-PDEADBEEF-NDEADBEEF | FACEFEED)
I |    0    1    2    3    4    5    6    7    8    9
D |-559038737d    0d    0d    0d    0d2123829271d335568599d    0d-559038737d-559038737d
P |3735928559    0    0    0    0    0    0    0    0    0
N |    0    0    0    0    0    0    0    0    0    0
aList dump
    List at 000000000023FDE0
    Head: 1 Tail 0 Capacity 10
    ERRORS:
     Left data canary bad (DDEADBEEF-PDEADBEEF-NDEADBEEF | DEADBEEF)
     Right data canary bad (DDEADBEEF-PDEADBEEF-NDEADBEEF | FACEFEED)
I |    0    1    2    3    4    5    6    7    8    9
D |-559038737d    0d    0d    0d    0d2123829271d335568599d    0d-559038737d-559038737d
P |3735928559    0    0    0    0    0    0    0    0    0
N |    0    0    0    0    0    0    0    0    0    0
[16:38:16][ERROR]List error at: 
File:C:\Users\Danila\Desktop\List\List.cpp 
Line:317 
Func:size_t listPushAfter(List*, size_t, int, varError_t*)
List dump
    List at 000000000023FDE0
    Head: 1 Tail 0 Capacity 10
    ERRORS:
     Left data canary bad (DDEADBEEF-PDEADBEEF-NDEADBEEF | DEADBEEF)
     Right data canary bad (DDEADBEEF-PDEADBEEF-NDEADBEEF | FACEFEED)
I |    0    1    2    3    4    5    6    7    8    9
D |-559038737d    0d    0d    0d    0d2123829271d335568599d    0d-559038737d-559038737d
P |3735928559    0    0    0    0    0    0    0    0    0
N |    0    0    0    0    0    0    0    0    0    0
aList dump
    List at 000000000023FDE0
    Head: 1 Tail 0 Capacity 10
    ERRORS:
     Left data canary bad (DDEADBEEF-PDEADBEEF-NDEADBEEF | DEADBEEF)
     Right data canary bad (DDEADBEEF-PDEADBEEF-NDEADBEEF | FACEFEED)
I |    0    1    2    3    4    5    6    7    8    9
D |-559038737d    0d    0d    0d    0d2123829271d335568599d    0d-559038737d-559038737d
P |3735928559    0    0    0    0    0    0    0    0    0
N |    0    0    0    0    0    0    0    0    0    0
[16:38:16][ERROR]List error at: 
File:C:\Users\Danila\Desktop\List\List.cpp 
Line:317 
Func:size_t listPushAfter(List*, size_t, int, varError_t*)
List dump
    List at 000000000023FDE0
    Head: 1 Tail 0 Capacity 10
    ERRORS:
     Left data canary bad (DDEADBEEF-PDEADBEEF-NDEADBEEF | DEADBEEF)
     Right data canary bad (DDEADBEEF-PDEADBEEF-NDEADBEEF | FACEFEED)
I |    0    1    2    3    4    5    6    7    8    9
D |-559038737d    0d    0d    0d    0d2123829271d335568599d    0d-559038737d-559038737d
P |3735928559    0    0    0    0    0    0    0    0    0
N |    0    0    0    0    0    0    0    0    0    0
aList dump
    List at 000000000023FDE0
    Head: 1 Tail 0 Capacity 10
    ERRORS:
     Left data canary bad (DDEADBEEF-PDEADBEEF-NDEADBEEF | DEADBEEF)
     Right data canary bad (DDEADBEEF-PDEADBEEF-NDEADBEEF | FACEFEED)
I |    0    1    2    3    4    5    6    7    8    9
D |-559038737d    0d    0d    0d    0d2123829271d335568599d    0d-559038737d-559038737d
P |3735928559    0    0    0    0    0    0    0    0    0
N |    0    0    0    0    0    0    0    0    0    0
[16:38:16][ERROR]List error at: 
File:C:\Users\Danila\Desktop\List\List.cpp 
Line:317 
Func:size_t listPushAfter(List*, size_t, int, varError_t*)
List dump
    List at 000000000023FDE0
    Head: 1 Tail 0 Capacity 10
    ERRORS:
     Left data canary bad (DDEADBEEF-PDEADBEEF-NDEADBEEF | DEADBEEF)
     Right data canary bad (DDEADBEEF-PDEADBEEF-NDEADBEEF | FACEFEED)
I |    0    1    2    3    4    5    6    7    8    9
D |-559038737d    0d    0d    0d    0d2123829271d335568599d    0d-559038737d-559038737d
P |3735928559    0    0    0    0    0    0    0    0    0
N |    0    0    0    0    0    0    0    0    0    0
aList dump
    List at 000000000023FDE0
    Head: 1 Tail 0 Capacity 10
    ERRORS:
     Left data canary bad (DDEADBEEF-PDEADBEEF-NDEADBEEF | DEADBEEF)
     Right data canary bad (DDEADBEEF-PDEADBEEF-NDEADBEEF | FACEFEED)
I |    0    1    2    3    4    5    6    7    8    9
D |-559038737d    0d    0d    0d    0d2123829271d335568599d    0d-559038737d-559038737d
P |3735928559    0    0    0    0    0    0    0    0    0
N |    0    0    0    0    0    0    0    0    0    0
[16:38:16][ERROR]List error at: 
File:C:\Users\Danila\Desktop\List\List.cpp 
Line:317 
Func:size_t listPushAfter(List*, size_t, int, varError_t*)
List dump
    List at 000000000023FDE0
    Head: 1 Tail 0 Capacity 10
    ERRORS:
     Left data canary bad (DDEADBEEF-PDEADBEEF-NDEADBEEF | DEADBEEF)
     Right data canary bad (DDEADBEEF-PDEADBEEF-NDEADBEEF | FACEFEED)
I |    0    1    2    3    4    5    6    7    8    9
D |-559038737d    0d    0d    0d    0d2123829271d335568599d    0d-559038737d-559038737d
P |3735928559    0    0    0    0    0    0    0    0    0
N |    0    0    0    0    0    0    0    0    0    0
aList dump
    List at 000000000023FDE0
    Head: 1 Tail 0 Capacity 10
    ERRORS:
     Left data canary bad (DDEADBEEF-PDEADBEEF-NDEADBEEF | DEADBEEF)
     Right data canary bad (DDEADBEEF-PDEADBEEF-NDEADBEEF | FACEFEED)
I |    0    1    2    3    4    5    6    7    8    9
D |-559038737d    0d    0d    0d    0d2123829271d335568599d    0d-559038737d-559038737d
P |3735928559    0    0    0    0    0    0    0    0    0
N |    0    0    0    0    0    0    0    0    0    0
[16:38:16][ERROR]List error at: 
File:C:\Users\Danila\Desktop\List\List.cpp 
Line:317 
Func:size_t listPushAfter(List*, size_t, int, varError_t*)
List dump
    List at 000000000023FDE0
    Head: 1 Tail 0 Capacity 10
    ERRORS:
     Left data canary bad (DDEADBEEF-PDEADBEEF-NDEADBEEF | DEADBEEF)
     Right data canary bad (DDEADBEEF-PDEADBEEF-NDEADBEEF | FACEFEED)
I |    0    1    2    3    4    5    6    7    8    9
D |-559038737d    0d    0d    0d    0d2123829271d335568599d    0d-559038737d-559038737d
P |3735928559    0    0    0    0    0    0    0    0    0
N |    0    0    0    0    0    0    0    0    0    0
aList dump
    List at 000000000023FDE0
    Head: 1 Tail 0 Capacity 10
    ERRORS:
     Left data canary bad (DDEADBEEF-PDEADBEEF-NDEADBEEF | DEADBEEF)
     Right data canary bad (DDEADBEEF-PDEADBEEF-NDEADBEEF | FACEFEED)
I |    0    1    2    3    4    5    6    7    8    9
D |-559038737d    0d    0d    0d    0d2123829271d335568599d    0d-559038737d-559038737d
P |3735928559    0    0    0    0    0    0    0    0    0
N |    0    0    0    0    0    0    0    0    0    0
[16:38:16][ERROR]List error at: 
File:C:\Users\Danila\Desktop\List\List.cpp 
Line:317 
Func:size_t listPushAfter(List*, size_t, int, varError_t*)
List dump
    List at 000000000023FDE0
    Head: 1 Tail 0 Capacity 10
    ERRORS:
     Left data canary bad (DDEADBEEF-PDEADBEEF-NDEADBEEF | DEADBEEF)
     Right data canary bad (DDEADBEEF-PDEADBEEF-NDEADBEEF | FACEFEED)
I |    0    1    2    3    4    5    6    7    8    9
D |-559038737d    0d    0d    0d    0d2123829271d335568599d    0d-559038737d-559038737d
P |3735928559    0    0    0    0    0    0    0    0    0
N |    0    0    0    0    0    0    0    0    0    0
aList dump
    List at 000000000023FDE0
    Head: 1 Tail 0 Capacity 10
    ERRORS:
     Left data canary bad (DDEADBEEF-PDEADBEEF-NDEADBEEF | DEADBEEF)
     Right data canary bad (DDEADBEEF-PDEADBEEF-NDEADBEEF | FACEFEED)
I |    0    1    2    3    4    5    6    7    8    9
D |-559038737d    0d    0d    0d    0d2123829271d335568599d    0d-559038737d-559038737d
P |3735928559    0    0    0    0    0    0    0    0    0
N |    0    0    0    0    0    0    0    0    0    0
[16:38:16][ERROR]List error at: 
File:C:\Users\Danila\Desktop\List\List.cpp 
Line:231 
Func:varError_t listDtor(List*)
List dump
    List at 000000000023FDE0
    Head: 1 Tail 0 Capacity 10
    ERRORS:
     Left data canary bad (DDEADBEEF-PDEADBEEF-NDEADBEEF | DEADBEEF)
     Right data canary bad (DDEADBEEF-PDEADBEEF-NDEADBEEF | FACEFEED)
I |    0    1    2    3    4    5    6    7    8    9
D |-559038737d    0d    0d    0d    0d2123829271d335568599d    0d-559038737d-559038737d
P |3735928559    0    0    0    0    0    0    0    0    0
N |    0    0    0    0    0    0    0    0    0    0
Program exited
------------------------------------
[16:38:22 26.09]Program started
bcdaList dump
    List at 000000000023FDE0
    Head: 1 Tail 0 Capacity 10
    ERRORS:
     Left data canary bad (DDEADBEEF-PDEADBEEF-NDEADBEEF | DEADBEEF)
     Right data canary bad (DDEADBEEF-PDEADBEEF-NDEADBEEF | FACEFEED)
I |    0    1    2    3    4    5    6    7    8    9
D |-559038737    0    0    0    0-1774803227335609163    0-559038737-559038737
P |3735928559    0    0    0    0    0    0    0    0    0
N |    0    0    0    0    0    0    0    0    0    0
[16:38:22][ERROR]List error at: 
File:C:\Users\Danila\Desktop\List\List.cpp 
Line:317 
Func:size_t listPushAfter(List*, size_t, int, varError_t*)
List dump
    List at 000000000023FDE0
    Head: 1 Tail 0 Capacity 10
    ERRORS:
     Left data canary bad (DDEADBEEF-PDEADBEEF-NDEADBEEF | DEADBEEF)
     Right data canary bad (DDEADBEEF-PDEADBEEF-NDEADBEEF | FACEFEED)
I |    0    1    2    3    4    5    6    7    8    9
D |-559038737    0    0    0    0-1774803227335609163    0-559038737-559038737
P |3735928559    0    0    0    0    0    0    0    0    0
N |    0    0    0    0    0    0    0    0    0    0
aList dump
    List at 000000000023FDE0
    Head: 1 Tail 0 Capacity 10
    ERRORS:
     Left data canary bad (DDEADBEEF-PDEADBEEF-NDEADBEEF | DEADBEEF)
     Right data canary bad (DDEADBEEF-PDEADBEEF-NDEADBEEF | FACEFEED)
I |    0    1    2    3    4    5    6    7    8    9
D |-559038737    0    0    0    0-1774803227335609163    0-559038737-559038737
P |3735928559    0    0    0    0    0    0    0    0    0
N |    0    0    0    0    0    0    0    0    0    0
[16:38:22][ERROR]List error at: 
File:C:\Users\Danila\Desktop\List\List.cpp 
Line:317 
Func:size_t listPushAfter(List*, size_t, int, varError_t*)
List dump
    List at 000000000023FDE0
    Head: 1 Tail 0 Capacity 10
    ERRORS:
     Left data canary bad (DDEADBEEF-PDEADBEEF-NDEADBEEF | DEADBEEF)
     Right data canary bad (DDEADBEEF-PDEADBEEF-NDEADBEEF | FACEFEED)
I |    0    1    2    3    4    5    6    7    8    9
D |-559038737    0    0    0    0-1774803227335609163    0-559038737-559038737
P |3735928559    0    0    0    0    0    0    0    0    0
N |    0    0    0    0    0    0    0    0    0    0
aList dump
    List at 000000000023FDE0
    Head: 1 Tail 0 Capacity 10
    ERRORS:
     Left data canary bad (DDEADBEEF-PDEADBEEF-NDEADBEEF | DEADBEEF)
     Right data canary bad (DDEADBEEF-PDEADBEEF-NDEADBEEF | FACEFEED)
I |    0    1    2    3    4    5    6    7    8    9
D |-559038737    0    0    0    0-1774803227335609163    0-559038737-559038737
P |3735928559    0    0    0    0    0    0    0    0    0
N |    0    0    0    0    0    0    0    0    0    0
[16:38:22][ERROR]List error at: 
File:C:\Users\Danila\Desktop\List\List.cpp 
Line:317 
Func:size_t listPushAfter(List*, size_t, int, varError_t*)
List dump
    List at 000000000023FDE0
    Head: 1 Tail 0 Capacity 10
    ERRORS:
     Left data canary bad (DDEADBEEF-PDEADBEEF-NDEADBEEF | DEADBEEF)
     Right data canary bad (DDEADBEEF-PDEADBEEF-NDEADBEEF | FACEFEED)
I |    0    1    2    3    4    5    6    7    8    9
D |-559038737    0    0    0    0-1774803227335609163    0-559038737-559038737
P |3735928559    0    0    0    0    0    0    0    0    0
N |    0    0    0    0    0    0    0    0    0    0
aList dump
    List at 000000000023FDE0
    Head: 1 Tail 0 Capacity 10
    ERRORS:
     Left data canary bad (DDEADBEEF-PDEADBEEF-NDEADBEEF | DEADBEEF)
     Right data canary bad (DDEADBEEF-PDEADBEEF-NDEADBEEF | FACEFEED)
I |    0    1    2    3    4    5    6    7    8    9
D |-559038737    0    0    0    0-1774803227335609163    0-559038737-559038737
P |3735928559    0    0    0    0    0    0    0    0    0
N |    0    0    0    0    0    0    0    0    0    0
[16:38:22][ERROR]List error at: 
File:C:\Users\Danila\Desktop\List\List.cpp 
Line:317 
Func:size_t listPushAfter(List*, size_t, int, varError_t*)
List dump
    List at 000000000023FDE0
    Head: 1 Tail 0 Capacity 10
    ERRORS:
     Left data canary bad (DDEADBEEF-PDEADBEEF-NDEADBEEF | DEADBEEF)
     Right data canary bad (DDEADBEEF-PDEADBEEF-NDEADBEEF | FACEFEED)
I |    0    1    2    3    4    5    6    7    8    9
D |-559038737    0    0    0    0-1774803227335609163    0-559038737-559038737
P |3735928559    0    0    0    0    0    0    0    0    0
N |    0    0    0    0    0    0    0    0    0    0
aList dump
    List at 000000000023FDE0
    Head: 1 Tail 0 Capacity 10
    ERRORS:
     Left data canary bad (DDEADBEEF-PDEADBEEF-NDEADBEEF | DEADBEEF)
     Right data canary bad (DDEADBEEF-PDEADBEEF-NDEADBEEF | FACEFEED)
I |    0    1    2    3    4    5    6    7    8    9
D |-559038737    0    0    0    0-1774803227335609163    0-559038737-559038737
P |3735928559    0    0    0    0    0    0    0    0    0
N |    0    0    0    0    0    0    0    0    0    0
[16:38:22][ERROR]List error at: 
File:C:\Users\Danila\Desktop\List\List.cpp 
Line:317 
Func:size_t listPushAfter(List*, size_t, int, varError_t*)
List dump
    List at 000000000023FDE0
    Head: 1 Tail 0 Capacity 10
    ERRORS:
     Left data canary bad (DDEADBEEF-PDEADBEEF-NDEADBEEF | DEADBEEF)
     Right data canary bad (DDEADBEEF-PDEADBEEF-NDEADBEEF | FACEFEED)
I |    0    1    2    3    4    5    6    7    8    9
D |-559038737    0    0    0    0-1774803227335609163    0-559038737-559038737
P |3735928559    0    0    0    0    0    0    0    0    0
N |    0    0    0    0    0    0    0    0    0    0
aList dump
    List at 000000000023FDE0
    Head: 1 Tail 0 Capacity 10
    ERRORS:
     Left data canary bad (DDEADBEEF-PDEADBEEF-NDEADBEEF | DEADBEEF)
     Right data canary bad (DDEADBEEF-PDEADBEEF-NDEADBEEF | FACEFEED)
I |    0    1    2    3    4    5    6    7    8    9
D |-559038737    0    0    0    0-1774803227335609163    0-559038737-559038737
P |3735928559    0    0    0    0    0    0    0    0    0
N |    0    0    0    0    0    0    0    0    0    0
[16:38:22][ERROR]List error at: 
File:C:\Users\Danila\Desktop\List\List.cpp 
Line:317 
Func:size_t listPushAfter(List*, size_t, int, varError_t*)
List dump
    List at 000000000023FDE0
    Head: 1 Tail 0 Capacity 10
    ERRORS:
     Left data canary bad (DDEADBEEF-PDEADBEEF-NDEADBEEF | DEADBEEF)
     Right data canary bad (DDEADBEEF-PDEADBEEF-NDEADBEEF | FACEFEED)
I |    0    1    2    3    4    5    6    7    8    9
D |-559038737    0    0    0    0-1774803227335609163    0-559038737-559038737
P |3735928559    0    0    0    0    0    0    0    0    0
N |    0    0    0    0    0    0    0    0    0    0
aList dump
    List at 000000000023FDE0
    Head: 1 Tail 0 Capacity 10
    ERRORS:
     Left data canary bad (DDEADBEEF-PDEADBEEF-NDEADBEEF | DEADBEEF)
     Right data canary bad (DDEADBEEF-PDEADBEEF-NDEADBEEF | FACEFEED)
I |    0    1    2    3    4    5    6    7    8    9
D |-559038737    0    0    0    0-1774803227335609163    0-559038737-559038737
P |3735928559    0    0    0    0    0    0    0    0    0
N |    0    0    0    0    0    0    0    0    0    0
[16:38:22][ERROR]List error at: 
File:C:\Users\Danila\Desktop\List\List.cpp 
Line:317 
Func:size_t listPushAfter(List*, size_t, int, varError_t*)
List dump
    List at 000000000023FDE0
    Head: 1 Tail 0 Capacity 10
    ERRORS:
     Left data canary bad (DDEADBEEF-PDEADBEEF-NDEADBEEF | DEADBEEF)
     Right data canary bad (DDEADBEEF-PDEADBEEF-NDEADBEEF | FACEFEED)
I |    0    1    2    3    4    5    6    7    8    9
D |-559038737    0    0    0    0-1774803227335609163    0-559038737-559038737
P |3735928559    0    0    0    0    0    0    0    0    0
N |    0    0    0    0    0    0    0    0    0    0
aList dump
    List at 000000000023FDE0
    Head: 1 Tail 0 Capacity 10
    ERRORS:
     Left data canary bad (DDEADBEEF-PDEADBEEF-NDEADBEEF | DEADBEEF)
     Right data canary bad (DDEADBEEF-PDEADBEEF-NDEADBEEF | FACEFEED)
I |    0    1    2    3    4    5    6    7    8    9
D |-559038737    0    0    0    0-1774803227335609163    0-559038737-559038737
P |3735928559    0    0    0    0    0    0    0    0    0
N |    0    0    0    0    0    0    0    0    0    0
[16:38:22][ERROR]List error at: 
File:C:\Users\Danila\Desktop\List\List.cpp 
Line:317 
Func:size_t listPushAfter(List*, size_t, int, varError_t*)
List dump
    List at 000000000023FDE0
    Head: 1 Tail 0 Capacity 10
    ERRORS:
     Left data canary bad (DDEADBEEF-PDEADBEEF-NDEADBEEF | DEADBEEF)
     Right data canary bad (DDEADBEEF-PDEADBEEF-NDEADBEEF | FACEFEED)
I |    0    1    2    3    4    5    6    7    8    9
D |-559038737    0    0    0    0-1774803227335609163    0-559038737-559038737
P |3735928559    0    0    0    0    0    0    0    0    0
N |    0    0    0    0    0    0    0    0    0    0
aList dump
    List at 000000000023FDE0
    Head: 1 Tail 0 Capacity 10
    ERRORS:
     Left data canary bad (DDEADBEEF-PDEADBEEF-NDEADBEEF | DEADBEEF)
     Right data canary bad (DDEADBEEF-PDEADBEEF-NDEADBEEF | FACEFEED)
I |    0    1    2    3    4    5    6    7    8    9
D |-559038737    0    0    0    0-1774803227335609163    0-559038737-559038737
P |3735928559    0    0    0    0    0    0    0    0    0
N |    0    0    0    0    0    0    0    0    0    0
[16:38:22][ERROR]List error at: 
File:C:\Users\Danila\Desktop\List\List.cpp 
Line:317 
Func:size_t listPushAfter(List*, size_t, int, varError_t*)
List dump
    List at 000000000023FDE0
    Head: 1 Tail 0 Capacity 10
    ERRORS:
     Left data canary bad (DDEADBEEF-PDEADBEEF-NDEADBEEF | DEADBEEF)
     Right data canary bad (DDEADBEEF-PDEADBEEF-NDEADBEEF | FACEFEED)
I |    0    1    2    3    4    5    6    7    8    9
D |-559038737    0    0    0    0-1774803227335609163    0-559038737-559038737
P |3735928559    0    0    0    0    0    0    0    0    0
N |    0    0    0    0    0    0    0    0    0    0
aList dump
    List at 000000000023FDE0
    Head: 1 Tail 0 Capacity 10
    ERRORS:
     Left data canary bad (DDEADBEEF-PDEADBEEF-NDEADBEEF | DEADBEEF)
     Right data canary bad (DDEADBEEF-PDEADBEEF-NDEADBEEF | FACEFEED)
I |    0    1    2    3    4    5    6    7    8    9
D |-559038737    0    0    0    0-1774803227335609163    0-559038737-559038737
P |3735928559    0    0    0    0    0    0    0    0    0
N |    0    0    0    0    0    0    0    0    0    0
[16:38:22][ERROR]List error at: 
File:C:\Users\Danila\Desktop\List\List.cpp 
Line:231 
Func:varError_t listDtor(List*)
List dump
    List at 000000000023FDE0
    Head: 1 Tail 0 Capacity 10
    ERRORS:
     Left data canary bad (DDEADBEEF-PDEADBEEF-NDEADBEEF | DEADBEEF)
     Right data canary bad (DDEADBEEF-PDEADBEEF-NDEADBEEF | FACEFEED)
I |    0    1    2    3    4    5    6    7    8    9
D |-559038737    0    0    0    0-1774803227335609163    0-559038737-559038737
P |3735928559    0    0    0    0    0    0    0    0    0
N |    0    0    0    0    0    0    0    0    0    0
Program exited
