------------------------------------
[16:07:43 26.09]Program started
     Raw data dump: (100 total) [ 00 00 00 00 00 00 00 00 00 00 00 00 00 00 00 00 00 00 00 00 00 00 00 00 00 00 00 00 E1 1F 5F 84 F5 9A 00 14 00 00 00 00 00 00 00 00 00 00 00 00 00 00 00 00 00 00 00 00 00 00 00 00 E1 1F 5F 84 F6 9B 00 14 00 00 00 00 00 00 00 00 00 00 00 00 00 00 00 00 00 00 00 00 00 00 00 00 E1 1F 5F 84 F6 9B 00 14 ]
List dump
    List at 000000000023FDE0
    Head: 0 Tail 0 Capacity 0
    ERRORS:
     Left data canary bad (D0 P14009BF6 N14009BF6 | DEADBEEF)
     Right data canary bad (D0 P0 N0 | FACEFEED)
I |
D |
P |
N |
[16:07:43][ERROR]List error at: 
File:C:\Users\Danila\Desktop\List\List.cpp 
Line:314 
Func:size_t listPushAfter(List*, size_t, int, varError_t*)
List dump
    List at 000000000023FDE0
    Head: 0 Tail 0 Capacity 0
    ERRORS:
     Left data canary bad (D0 P14009BF6 N14009BF6 | DEADBEEF)
     Right data canary bad (D0 P0 N0 | FACEFEED)
I |
D |
P |
N |
     Raw data dump: (100 total) [ 00 00 00 00 00 00 00 00 00 00 00 00 00 00 00 00 00 00 00 00 00 00 00 00 00 00 00 00 E1 1F 5F 84 F5 9A 00 14 00 00 00 00 00 00 00 00 00 00 00 00 00 00 00 00 00 00 00 00 00 00 00 00 E1 1F 5F 84 F6 9B 00 14 00 00 00 00 00 00 00 00 00 00 00 00 00 00 00 00 00 00 00 00 00 00 00 00 E1 1F 5F 84 F6 9B 00 14 ]
List dump
    List at 000000000023FDE0
    Head: 0 Tail 0 Capacity 0
    ERRORS:
     Left data canary bad (D0 P14009BF6 N14009BF6 | DEADBEEF)
     Right data canary bad (D0 P0 N0 | FACEFEED)
I |
D |
P |
N |
[16:07:43][ERROR]List error at: 
File:C:\Users\Danila\Desktop\List\List.cpp 
Line:314 
Func:size_t listPushAfter(List*, size_t, int, varError_t*)
List dump
    List at 000000000023FDE0
    Head: 0 Tail 0 Capacity 0
    ERRORS:
     Left data canary bad (D0 P14009BF6 N14009BF6 | DEADBEEF)
     Right data canary bad (D0 P0 N0 | FACEFEED)
I |
D |
P |
N |
     Raw data dump: (100 total) [ 00 00 00 00 00 00 00 00 00 00 00 00 00 00 00 00 00 00 00 00 00 00 00 00 00 00 00 00 E1 1F 5F 84 F5 9A 00 14 00 00 00 00 00 00 00 00 00 00 00 00 00 00 00 00 00 00 00 00 00 00 00 00 E1 1F 5F 84 F6 9B 00 14 00 00 00 00 00 00 00 00 00 00 00 00 00 00 00 00 00 00 00 00 00 00 00 00 E1 1F 5F 84 F6 9B 00 14 ]
List dump
    List at 000000000023FDE0
    Head: 0 Tail 0 Capacity 0
    ERRORS:
     Left data canary bad (D0 P14009BF6 N14009BF6 | DEADBEEF)
     Right data canary bad (D0 P0 N0 | FACEFEED)
I |
D |
P |
N |
[16:07:43][ERROR]List error at: 
File:C:\Users\Danila\Desktop\List\List.cpp 
Line:314 
Func:size_t listPushAfter(List*, size_t, int, varError_t*)
List dump
    List at 000000000023FDE0
    Head: 0 Tail 0 Capacity 0
    ERRORS:
     Left data canary bad (D0 P14009BF6 N14009BF6 | DEADBEEF)
     Right data canary bad (D0 P0 N0 | FACEFEED)
I |
D |
P |
N |
     Raw data dump: (100 total) [ 00 00 00 00 00 00 00 00 00 00 00 00 00 00 00 00 00 00 00 00 00 00 00 00 00 00 00 00 E1 1F 5F 84 F5 9A 00 14 00 00 00 00 00 00 00 00 00 00 00 00 00 00 00 00 00 00 00 00 00 00 00 00 E1 1F 5F 84 F6 9B 00 14 00 00 00 00 00 00 00 00 00 00 00 00 00 00 00 00 00 00 00 00 00 00 00 00 E1 1F 5F 84 F6 9B 00 14 ]
List dump
    List at 000000000023FDE0
    Head: 0 Tail 0 Capacity 0
    ERRORS:
     Left data canary bad (D0 P14009BF6 N14009BF6 | DEADBEEF)
     Right data canary bad (D0 P0 N0 | FACEFEED)
I |
D |
P |
N |
[16:07:43][ERROR]List error at: 
File:C:\Users\Danila\Desktop\List\List.cpp 
Line:314 
Func:size_t listPushAfter(List*, size_t, int, varError_t*)
List dump
    List at 000000000023FDE0
    Head: 0 Tail 0 Capacity 0
    ERRORS:
     Left data canary bad (D0 P14009BF6 N14009BF6 | DEADBEEF)
     Right data canary bad (D0 P0 N0 | FACEFEED)
I |
D |
P |
N |
     Raw data dump: (100 total) [ 00 00 00 00 00 00 00 00 00 00 00 00 00 00 00 00 00 00 00 00 00 00 00 00 00 00 00 00 E1 1F 5F 84 F5 9A 00 14 00 00 00 00 00 00 00 00 00 00 00 00 00 00 00 00 00 00 00 00 00 00 00 00 E1 1F 5F 84 F6 9B 00 14 00 00 00 00 00 00 00 00 00 00 00 00 00 00 00 00 00 00 00 00 00 00 00 00 E1 1F 5F 84 F6 9B 00 14 ]
List dump
    List at 000000000023FDE0
    Head: 0 Tail 0 Capacity 0
    ERRORS:
     Left data canary bad (D0 P14009BF6 N14009BF6 | DEADBEEF)
     Right data canary bad (D0 P0 N0 | FACEFEED)
I |
D |
P |
N |
[16:07:43][ERROR]List error at: 
File:C:\Users\Danila\Desktop\List\List.cpp 
Line:314 
Func:size_t listPushAfter(List*, size_t, int, varError_t*)
List dump
    List at 000000000023FDE0
    Head: 0 Tail 0 Capacity 0
    ERRORS:
     Left data canary bad (D0 P14009BF6 N14009BF6 | DEADBEEF)
     Right data canary bad (D0 P0 N0 | FACEFEED)
I |
D |
P |
N |
     Raw data dump: (100 total) [ 00 00 00 00 00 00 00 00 00 00 00 00 00 00 00 00 00 00 00 00 00 00 00 00 00 00 00 00 E1 1F 5F 84 F5 9A 00 14 00 00 00 00 00 00 00 00 00 00 00 00 00 00 00 00 00 00 00 00 00 00 00 00 E1 1F 5F 84 F6 9B 00 14 00 00 00 00 00 00 00 00 00 00 00 00 00 00 00 00 00 00 00 00 00 00 00 00 E1 1F 5F 84 F6 9B 00 14 ]
List dump
    List at 000000000023FDE0
    Head: 0 Tail 0 Capacity 0
    ERRORS:
     Left data canary bad (D0 P14009BF6 N14009BF6 | DEADBEEF)
     Right data canary bad (D0 P0 N0 | FACEFEED)
I |
D |
P |
N |
[16:07:43][ERROR]List error at: 
File:C:\Users\Danila\Desktop\List\List.cpp 
Line:314 
Func:size_t listPushAfter(List*, size_t, int, varError_t*)
List dump
    List at 000000000023FDE0
    Head: 0 Tail 0 Capacity 0
    ERRORS:
     Left data canary bad (D0 P14009BF6 N14009BF6 | DEADBEEF)
     Right data canary bad (D0 P0 N0 | FACEFEED)
I |
D |
P |
N |
     Raw data dump: (100 total) [ 00 00 00 00 00 00 00 00 00 00 00 00 00 00 00 00 00 00 00 00 00 00 00 00 00 00 00 00 E1 1F 5F 84 F5 9A 00 14 00 00 00 00 00 00 00 00 00 00 00 00 00 00 00 00 00 00 00 00 00 00 00 00 E1 1F 5F 84 F6 9B 00 14 00 00 00 00 00 00 00 00 00 00 00 00 00 00 00 00 00 00 00 00 00 00 00 00 E1 1F 5F 84 F6 9B 00 14 ]
List dump
    List at 000000000023FDE0
    Head: 0 Tail 0 Capacity 0
    ERRORS:
     Left data canary bad (D0 P14009BF6 N14009BF6 | DEADBEEF)
     Right data canary bad (D0 P0 N0 | FACEFEED)
I |
D |
P |
N |
[16:07:43][ERROR]List error at: 
File:C:\Users\Danila\Desktop\List\List.cpp 
Line:314 
Func:size_t listPushAfter(List*, size_t, int, varError_t*)
List dump
    List at 000000000023FDE0
    Head: 0 Tail 0 Capacity 0
    ERRORS:
     Left data canary bad (D0 P14009BF6 N14009BF6 | DEADBEEF)
     Right data canary bad (D0 P0 N0 | FACEFEED)
I |
D |
P |
N |
     Raw data dump: (100 total) [ 00 00 00 00 00 00 00 00 00 00 00 00 00 00 00 00 00 00 00 00 00 00 00 00 00 00 00 00 E1 1F 5F 84 F5 9A 00 14 00 00 00 00 00 00 00 00 00 00 00 00 00 00 00 00 00 00 00 00 00 00 00 00 E1 1F 5F 84 F6 9B 00 14 00 00 00 00 00 00 00 00 00 00 00 00 00 00 00 00 00 00 00 00 00 00 00 00 E1 1F 5F 84 F6 9B 00 14 ]
List dump
    List at 000000000023FDE0
    Head: 0 Tail 0 Capacity 0
    ERRORS:
     Left data canary bad (D0 P14009BF6 N14009BF6 | DEADBEEF)
     Right data canary bad (D0 P0 N0 | FACEFEED)
I |
D |
P |
N |
[16:07:44][ERROR]List error at: 
File:C:\Users\Danila\Desktop\List\List.cpp 
Line:314 
Func:size_t listPushAfter(List*, size_t, int, varError_t*)
List dump
    List at 000000000023FDE0
    Head: 0 Tail 0 Capacity 0
    ERRORS:
     Left data canary bad (D0 P14009BF6 N14009BF6 | DEADBEEF)
     Right data canary bad (D0 P0 N0 | FACEFEED)
I |
D |
P |
N |
     Raw data dump: (100 total) [ 00 00 00 00 00 00 00 00 00 00 00 00 00 00 00 00 00 00 00 00 00 00 00 00 00 00 00 00 E1 1F 5F 84 F5 9A 00 14 00 00 00 00 00 00 00 00 00 00 00 00 00 00 00 00 00 00 00 00 00 00 00 00 E1 1F 5F 84 F6 9B 00 14 00 00 00 00 00 00 00 00 00 00 00 00 00 00 00 00 00 00 00 00 00 00 00 00 E1 1F 5F 84 F6 9B 00 14 ]
List dump
    List at 000000000023FDE0
    Head: 0 Tail 0 Capacity 0
    ERRORS:
     Left data canary bad (D0 P14009BF6 N14009BF6 | DEADBEEF)
     Right data canary bad (D0 P0 N0 | FACEFEED)
I |
D |
P |
N |
[16:07:44][ERROR]List error at: 
File:C:\Users\Danila\Desktop\List\List.cpp 
Line:314 
Func:size_t listPushAfter(List*, size_t, int, varError_t*)
List dump
    List at 000000000023FDE0
    Head: 0 Tail 0 Capacity 0
    ERRORS:
     Left data canary bad (D0 P14009BF6 N14009BF6 | DEADBEEF)
     Right data canary bad (D0 P0 N0 | FACEFEED)
I |
D |
P |
N |
     Raw data dump: (100 total) [ 00 00 00 00 00 00 00 00 00 00 00 00 00 00 00 00 00 00 00 00 00 00 00 00 00 00 00 00 E1 1F 5F 84 F5 9A 00 14 00 00 00 00 00 00 00 00 00 00 00 00 00 00 00 00 00 00 00 00 00 00 00 00 E1 1F 5F 84 F6 9B 00 14 00 00 00 00 00 00 00 00 00 00 00 00 00 00 00 00 00 00 00 00 00 00 00 00 E1 1F 5F 84 F6 9B 00 14 ]
List dump
    List at 000000000023FDE0
    Head: 0 Tail 0 Capacity 0
    ERRORS:
     Left data canary bad (D0 P14009BF6 N14009BF6 | DEADBEEF)
     Right data canary bad (D0 P0 N0 | FACEFEED)
I |
D |
P |
N |
[16:07:44][ERROR]List error at: 
File:C:\Users\Danila\Desktop\List\List.cpp 
Line:231 
Func:varError_t listDtor(List*)
List dump
    List at 000000000023FDE0
    Head: 0 Tail 0 Capacity 0
    ERRORS:
     Left data canary bad (D0 P14009BF6 N14009BF6 | DEADBEEF)
     Right data canary bad (D0 P0 N0 | FACEFEED)
I |
D |
P |
N |
Program exited
