------------------------------------
[15:50:52 26.09]Program started
[15:50:52][info]List dump
[15:50:52][info]    List at 000000000023FDE0
[15:50:52][info]    Head: 0 Tail 0 Capacity 0
[15:50:52][info]    ERRORS:     Left data canary bad (D0 P1400AC30 N1400AC30 | DEADBEEF)
     Right data canary bad (D0 P0 N0 | FACEFEED)
I |
D |
P |
N |
[15:50:52][ERROR]List error at: 
File:C:\Users\Danila\Desktop\List\List.cpp 
Line:309 
Func:size_t listPushAfter(List*, size_t, int, varError_t*)
[15:50:52][info]List dump
[15:50:52][info]    List at 000000000023FDE0
[15:50:52][info]    Head: 0 Tail 0 Capacity 0
[15:50:52][info]    ERRORS:     Left data canary bad (D0 P1400AC30 N1400AC30 | DEADBEEF)
     Right data canary bad (D0 P0 N0 | FACEFEED)
I |
D |
P |
N |
[15:50:52][info]List dump
[15:50:52][info]    List at 000000000023FDE0
[15:50:52][info]    Head: 0 Tail 0 Capacity 0
[15:50:52][info]    ERRORS:     Left data canary bad (D0 P1400AC30 N1400AC30 | DEADBEEF)
     Right data canary bad (D0 P0 N0 | FACEFEED)
I |
D |
P |
N |
[15:50:52][ERROR]List error at: 
File:C:\Users\Danila\Desktop\List\List.cpp 
Line:309 
Func:size_t listPushAfter(List*, size_t, int, varError_t*)
[15:50:52][info]List dump
[15:50:52][info]    List at 000000000023FDE0
[15:50:52][info]    Head: 0 Tail 0 Capacity 0
[15:50:52][info]    ERRORS:     Left data canary bad (D0 P1400AC30 N1400AC30 | DEADBEEF)
     Right data canary bad (D0 P0 N0 | FACEFEED)
I |
D |
P |
N |
[15:50:52][info]List dump
[15:50:52][info]    List at 000000000023FDE0
[15:50:52][info]    Head: 0 Tail 0 Capacity 0
[15:50:52][info]    ERRORS:     Left data canary bad (D0 P1400AC30 N1400AC30 | DEADBEEF)
     Right data canary bad (D0 P0 N0 | FACEFEED)
I |
D |
P |
N |
[15:50:52][ERROR]List error at: 
File:C:\Users\Danila\Desktop\List\List.cpp 
Line:309 
Func:size_t listPushAfter(List*, size_t, int, varError_t*)
[15:50:52][info]List dump
[15:50:52][info]    List at 000000000023FDE0
[15:50:52][info]    Head: 0 Tail 0 Capacity 0
[15:50:52][info]    ERRORS:     Left data canary bad (D0 P1400AC30 N1400AC30 | DEADBEEF)
     Right data canary bad (D0 P0 N0 | FACEFEED)
I |
D |
P |
N |
[15:50:52][info]List dump
[15:50:52][info]    List at 000000000023FDE0
[15:50:52][info]    Head: 0 Tail 0 Capacity 0
[15:50:52][info]    ERRORS:     Left data canary bad (D0 P1400AC30 N1400AC30 | DEADBEEF)
     Right data canary bad (D0 P0 N0 | FACEFEED)
I |
D |
P |
N |
[15:50:52][ERROR]List error at: 
File:C:\Users\Danila\Desktop\List\List.cpp 
Line:309 
Func:size_t listPushAfter(List*, size_t, int, varError_t*)
[15:50:52][info]List dump
[15:50:52][info]    List at 000000000023FDE0
[15:50:52][info]    Head: 0 Tail 0 Capacity 0
[15:50:52][info]    ERRORS:     Left data canary bad (D0 P1400AC30 N1400AC30 | DEADBEEF)
     Right data canary bad (D0 P0 N0 | FACEFEED)
I |
D |
P |
N |
[15:50:52][info]List dump
[15:50:52][info]    List at 000000000023FDE0
[15:50:52][info]    Head: 0 Tail 0 Capacity 0
[15:50:52][info]    ERRORS:     Left data canary bad (D0 P1400AC30 N1400AC30 | DEADBEEF)
     Right data canary bad (D0 P0 N0 | FACEFEED)
I |
D |
P |
N |
[15:50:52][ERROR]List error at: 
File:C:\Users\Danila\Desktop\List\List.cpp 
Line:309 
Func:size_t listPushAfter(List*, size_t, int, varError_t*)
[15:50:52][info]List dump
[15:50:52][info]    List at 000000000023FDE0
[15:50:52][info]    Head: 0 Tail 0 Capacity 0
[15:50:52][info]    ERRORS:     Left data canary bad (D0 P1400AC30 N1400AC30 | DEADBEEF)
     Right data canary bad (D0 P0 N0 | FACEFEED)
I |
D |
P |
N |
[15:50:52][info]List dump
[15:50:52][info]    List at 000000000023FDE0
[15:50:52][info]    Head: 0 Tail 0 Capacity 0
[15:50:52][info]    ERRORS:     Left data canary bad (D0 P1400AC30 N1400AC30 | DEADBEEF)
     Right data canary bad (D0 P0 N0 | FACEFEED)
I |
D |
P |
N |
[15:50:52][ERROR]List error at: 
File:C:\Users\Danila\Desktop\List\List.cpp 
Line:309 
Func:size_t listPushAfter(List*, size_t, int, varError_t*)
[15:50:52][info]List dump
[15:50:52][info]    List at 000000000023FDE0
[15:50:52][info]    Head: 0 Tail 0 Capacity 0
[15:50:52][info]    ERRORS:     Left data canary bad (D0 P1400AC30 N1400AC30 | DEADBEEF)
     Right data canary bad (D0 P0 N0 | FACEFEED)
I |
D |
P |
N |
[15:50:52][info]List dump
[15:50:52][info]    List at 000000000023FDE0
[15:50:52][info]    Head: 0 Tail 0 Capacity 0
[15:50:52][info]    ERRORS:     Left data canary bad (D0 P1400AC30 N1400AC30 | DEADBEEF)
     Right data canary bad (D0 P0 N0 | FACEFEED)
I |
D |
P |
N |
[15:50:52][ERROR]List error at: 
File:C:\Users\Danila\Desktop\List\List.cpp 
Line:309 
Func:size_t listPushAfter(List*, size_t, int, varError_t*)
[15:50:52][info]List dump
[15:50:52][info]    List at 000000000023FDE0
[15:50:52][info]    Head: 0 Tail 0 Capacity 0
[15:50:52][info]    ERRORS:     Left data canary bad (D0 P1400AC30 N1400AC30 | DEADBEEF)
     Right data canary bad (D0 P0 N0 | FACEFEED)
I |
D |
P |
N |
[15:50:52][info]List dump
[15:50:52][info]    List at 000000000023FDE0
[15:50:52][info]    Head: 0 Tail 0 Capacity 0
[15:50:52][info]    ERRORS:     Left data canary bad (D0 P1400AC30 N1400AC30 | DEADBEEF)
     Right data canary bad (D0 P0 N0 | FACEFEED)
I |
D |
P |
N |
[15:50:52][ERROR]List error at: 
File:C:\Users\Danila\Desktop\List\List.cpp 
Line:309 
Func:size_t listPushAfter(List*, size_t, int, varError_t*)
[15:50:52][info]List dump
[15:50:52][info]    List at 000000000023FDE0
[15:50:52][info]    Head: 0 Tail 0 Capacity 0
[15:50:52][info]    ERRORS:     Left data canary bad (D0 P1400AC30 N1400AC30 | DEADBEEF)
     Right data canary bad (D0 P0 N0 | FACEFEED)
I |
D |
P |
N |
[15:50:52][info]List dump
[15:50:52][info]    List at 000000000023FDE0
[15:50:52][info]    Head: 0 Tail 0 Capacity 0
[15:50:52][info]    ERRORS:     Left data canary bad (D0 P1400AC30 N1400AC30 | DEADBEEF)
     Right data canary bad (D0 P0 N0 | FACEFEED)
I |
D |
P |
N |
[15:50:52][ERROR]List error at: 
File:C:\Users\Danila\Desktop\List\List.cpp 
Line:309 
Func:size_t listPushAfter(List*, size_t, int, varError_t*)
[15:50:52][info]List dump
[15:50:52][info]    List at 000000000023FDE0
[15:50:52][info]    Head: 0 Tail 0 Capacity 0
[15:50:52][info]    ERRORS:     Left data canary bad (D0 P1400AC30 N1400AC30 | DEADBEEF)
     Right data canary bad (D0 P0 N0 | FACEFEED)
I |
D |
P |
N |
[15:50:52][info]List dump
[15:50:52][info]    List at 000000000023FDE0
[15:50:52][info]    Head: 0 Tail 0 Capacity 0
[15:50:52][info]    ERRORS:     Left data canary bad (D0 P1400AC30 N1400AC30 | DEADBEEF)
     Right data canary bad (D0 P0 N0 | FACEFEED)
I |
D |
P |
N |
[15:50:52][ERROR]List error at: 
File:C:\Users\Danila\Desktop\List\List.cpp 
Line:226 
Func:varError_t listDtor(List*)
[15:50:52][info]List dump
[15:50:52][info]    List at 000000000023FDE0
[15:50:52][info]    Head: 0 Tail 0 Capacity 0
[15:50:52][info]    ERRORS:     Left data canary bad (D0 P1400AC30 N1400AC30 | DEADBEEF)
     Right data canary bad (D0 P0 N0 | FACEFEED)
I |
D |
P |
N |
Program exited
