------------------------------------
[17:32:30 26.09]Program started
aList dump
    List at 000000000023FDD0
    Head: 1 Tail 0 Capacity 10
    List ok
I |    1    2    3    4    5    6    7    8    9   10
D |    0  404  404  404  404  404  404  404  404  404
P |    0    0    0    0    0    0    0    0    0    0
N |    0    0    0    0    0    0    0    0    0    0
aList dump
    List at 000000000023FDD0
    Head: 3 Tail 0 Capacity 10
    List ok
I |    1    2    3    4    5    6    7    8    9   10
D |    0  404    1  404  404  404  404  404  404  404
P |    3    0    0    0    0    0    0    0    0    0
N |    0    0    0    0    0    0    0    0    0    0
aList dump
    List at 000000000023FDD0
    Head: 5 Tail 0 Capacity 10
    List ok
I |    1    2    3    4    5    6    7    8    9   10
D |    0  404    1  404    2  404  404  404  404  404
P |    3    0    5    0    0    0    0    0    0    0
N |    0    0    0    0    0    0    0    0    0    0
aList dump
    List at 000000000023FDD0
    Head: 7 Tail 0 Capacity 10
    List ok
I |    1    2    3    4    5    6    7    8    9   10
D |    0  404    1  404    2  404    3  404  404  404
P |    3    0    5    0    7    0    0    0    0    0
N |    0    0    0    0    0    0    0    0    0    0
aList dump
    List at 000000000023FDD0
    Head: 9 Tail 0 Capacity 10
    List ok
I |    1    2    3    4    5    6    7    8    9   10
D |    0  404    1  404    2  404    3  404    4  404
P |    3    0    5    0    7    0    9    0    0    0
N |    0    0    0    0    0    0    0    0    0    0
aList dump
    List at 000000000023FDD0
    Head: 0 Tail 0 Capacity 10
    ERRORS:
     Left data canary bad (D5-P5-N5 | DEADBEEF)
I |    1    2    3    4    5    6    7    8    9   10
D |    0  404    1  404    2  404    3  404    4  404
P |    3    0    5    0    7    0    9    0    0    0
N |    0    0    0    0    0    0    0    0    0    0
[17:32:30][ERROR]List error at: 
File:C:\Users\Danila\Desktop\List\List.cpp 
Line:332 
Func:size_t listPushAfter(List*, size_t, int, varError_t*)
List dump
    List at 000000000023FDD0
    Head: 0 Tail 0 Capacity 10
    ERRORS:
     Left data canary bad (D5-P5-N5 | DEADBEEF)
I |    1    2    3    4    5    6    7    8    9   10
D |    0  404    1  404    2  404    3  404    4  404
P |    3    0    5    0    7    0    9    0    0    0
N |    0    0    0    0    0    0    0    0    0    0
aList dump
    List at 000000000023FDD0
    Head: 0 Tail 0 Capacity 10
    ERRORS:
     Left data canary bad (D5-P5-N5 | DEADBEEF)
I |    1    2    3    4    5    6    7    8    9   10
D |    0  404    1  404    2  404    3  404    4  404
P |    3    0    5    0    7    0    9    0    0    0
N |    0    0    0    0    0    0    0    0    0    0
[17:32:30][ERROR]List error at: 
File:C:\Users\Danila\Desktop\List\List.cpp 
Line:332 
Func:size_t listPushAfter(List*, size_t, int, varError_t*)
List dump
    List at 000000000023FDD0
    Head: 0 Tail 0 Capacity 10
    ERRORS:
     Left data canary bad (D5-P5-N5 | DEADBEEF)
I |    1    2    3    4    5    6    7    8    9   10
D |    0  404    1  404    2  404    3  404    4  404
P |    3    0    5    0    7    0    9    0    0    0
N |    0    0    0    0    0    0    0    0    0    0
aList dump
    List at 000000000023FDD0
    Head: 0 Tail 0 Capacity 10
    ERRORS:
     Left data canary bad (D5-P5-N5 | DEADBEEF)
I |    1    2    3    4    5    6    7    8    9   10
D |    0  404    1  404    2  404    3  404    4  404
P |    3    0    5    0    7    0    9    0    0    0
N |    0    0    0    0    0    0    0    0    0    0
[17:32:30][ERROR]List error at: 
File:C:\Users\Danila\Desktop\List\List.cpp 
Line:332 
Func:size_t listPushAfter(List*, size_t, int, varError_t*)
List dump
    List at 000000000023FDD0
    Head: 0 Tail 0 Capacity 10
    ERRORS:
     Left data canary bad (D5-P5-N5 | DEADBEEF)
I |    1    2    3    4    5    6    7    8    9   10
D |    0  404    1  404    2  404    3  404    4  404
P |    3    0    5    0    7    0    9    0    0    0
N |    0    0    0    0    0    0    0    0    0    0
aList dump
    List at 000000000023FDD0
    Head: 0 Tail 0 Capacity 10
    ERRORS:
     Left data canary bad (D5-P5-N5 | DEADBEEF)
I |    1    2    3    4    5    6    7    8    9   10
D |    0  404    1  404    2  404    3  404    4  404
P |    3    0    5    0    7    0    9    0    0    0
N |    0    0    0    0    0    0    0    0    0    0
[17:32:30][ERROR]List error at: 
File:C:\Users\Danila\Desktop\List\List.cpp 
Line:332 
Func:size_t listPushAfter(List*, size_t, int, varError_t*)
List dump
    List at 000000000023FDD0
    Head: 0 Tail 0 Capacity 10
    ERRORS:
     Left data canary bad (D5-P5-N5 | DEADBEEF)
I |    1    2    3    4    5    6    7    8    9   10
D |    0  404    1  404    2  404    3  404    4  404
P |    3    0    5    0    7    0    9    0    0    0
N |    0    0    0    0    0    0    0    0    0    0
aList dump
    List at 000000000023FDD0
    Head: 0 Tail 0 Capacity 10
    ERRORS:
     Left data canary bad (D5-P5-N5 | DEADBEEF)
I |    1    2    3    4    5    6    7    8    9   10
D |    0  404    1  404    2  404    3  404    4  404
P |    3    0    5    0    7    0    9    0    0    0
N |    0    0    0    0    0    0    0    0    0    0
[17:32:30][ERROR]List error at: 
File:C:\Users\Danila\Desktop\List\List.cpp 
Line:236 
Func:varError_t listDtor(List*)
List dump
    List at 000000000023FDD0
    Head: 0 Tail 0 Capacity 10
    ERRORS:
     Left data canary bad (D5-P5-N5 | DEADBEEF)
I |    1    2    3    4    5    6    7    8    9   10
D |    0  404    1  404    2  404    3  404    4  404
P |    3    0    5    0    7    0    9    0    0    0
N |    0    0    0    0    0    0    0    0    0    0
Program exited
