------------------------------------
[16:46:53 26.09]Program started
b
c
List dump
    List at 000000000023FDE0
    Head: 0 Tail 0 Capacity 10
    List ok
I |    1    2    3    4    5    6    7    8    9   10
D |    0    0    0    0930955805335596362    0-559038737-559038737    0
P |    042078696773355963623735928559    0    052042    0    01127959617
N |    0    052042    0    01127959617420786967754443351618503014811702129225
List dump
    List at 000000000023FDE0
    Head: 0 Tail 0 Capacity 10
    ERRORS:
     Right data canary bad (DDEADBEEF-PDEADBEEF-NDEADBEEF | FACEFEED)
I |    1    2    3    4    5    6    7    8    9   10
D |  404    0    0    0930955805335596362    0-559038737-559038737    0
P |    042078696773355963623735928559    0    052042    0    01127959617
N |    0    052042    0    01127959617420786967754443351618503014811702129225
List dump
    List at 000000000023FDE0
    Head: 0 Tail 0 Capacity 10
    ERRORS:
     Right data canary bad (DDEADBEEF-PDEADBEEF-NDEADBEEF | FACEFEED)
I |    1    2    3    4    5    6    7    8    9   10
D |  404  404    0    0930955805335596362    0-559038737-559038737    0
P |    0    03355963623735928559    0    052042    0    01127959617
N |    0    052042    0    01127959617420786967754443351618503014811702129225
List dump
    List at 000000000023FDE0
    Head: 0 Tail 0 Capacity 10
    ERRORS:
     Right data canary bad (DDEADBEEF-PDEADBEEF-NDEADBEEF | FACEFEED)
I |    1    2    3    4    5    6    7    8    9   10
D |  404  404  404    0930955805335596362    0-559038737-559038737    0
P |    0    0    03735928559    0    0    0    0    01127959617
N |    0    0    0    0    01127959617420786967754443351618503014811702129225
List dump
    List at 000000000023FDE0
    Head: 0 Tail 0 Capacity 10
    ERRORS:
     Left data canary bad (DDEADBEEF-PDEADBEEF-NDEADBEEF | DEADBEEF)
     Right data canary bad (DDEADBEEF-PDEADBEEF-NDEADBEEF | FACEFEED)
I |    1    2    3    4    5    6    7    8    9   10
D |  404  404  404  404930955805335596362    0-559038737-559038737    0
P |    0    0    0    0    0    0    0    0    01127959617
N |    0    0    0    0    01127959617420786967754443351618503014811702129225
List dump
    List at 000000000023FDE0
    Head: 0 Tail 0 Capacity 10
    ERRORS:
     Left data canary bad (DDEADBEEF-PDEADBEEF-NDEADBEEF | DEADBEEF)
     Right data canary bad (DDEADBEEF-PDEADBEEF-NDEADBEEF | FACEFEED)
I |    1    2    3    4    5    6    7    8    9   10
D |  404  404  404  404  404335596362    0-559038737-559038737    0
P |    0    0    0    0    0    0    0    0    01127959617
N |    0    0    0    0    01127959617420786967754443351618503014811702129225
List dump
    List at 000000000023FDE0
    Head: 0 Tail 0 Capacity 10
    ERRORS:
     Left data canary bad (DDEADBEEF-PDEADBEEF-NDEADBEEF | DEADBEEF)
     Right data canary bad (DDEADBEEF-PDEADBEEF-NDEADBEEF | FACEFEED)
I |    1    2    3    4    5    6    7    8    9   10
D |  404  404  404  404  404  404    0-559038737-559038737    0
P |    0    0    0    0    0    0    0    0    0    0
N |    0    0    0    0    0    0420786967754443351618503014811702129225
List dump
    List at 000000000023FDE0
    Head: 0 Tail 0 Capacity 10
    ERRORS:
     Left data canary bad (DDEADBEEF-PDEADBEEF-NDEADBEEF | DEADBEEF)
     Right data canary bad (DDEADBEEF-PDEADBEEF-NDEADBEEF | FACEFEED)
I |    1    2    3    4    5    6    7    8    9   10
D |  404  404  404  404  404  404  404-559038737-559038737    0
P |    0    0    0    0    0    0    0    0    0    0
N |    0    0    0    0    0    0    054443351618503014811702129225
List dump
    List at 000000000023FDE0
    Head: 0 Tail 0 Capacity 10
    ERRORS:
     Left data canary bad (DDEADBEEF-PDEADBEEF-NDEADBEEF | DEADBEEF)
     Right data canary bad (DDEADBEEF-PDEADBEEF-NDEADBEEF | FACEFEED)
I |    1    2    3    4    5    6    7    8    9   10
D |  404  404  404  404  404  404  404  404-559038737    0
P |    0    0    0    0    0    0    0    0    0    0
N |    0    0    0    0    0    0    0    018503014811702129225
List dump
    List at 000000000023FDE0
    Head: 0 Tail 0 Capacity 10
    ERRORS:
     Left data canary bad (DDEADBEEF-PDEADBEEF-NDEADBEEF | DEADBEEF)
     Right data canary bad (DDEADBEEF-PDEADBEEF-NDEADBEEF | FACEFEED)
I |    1    2    3    4    5    6    7    8    9   10
D |  404  404  404  404  404  404  404  404  404    0
P |    0    0    0    0    0    0    0    0    0    0
N |    0    0    0    0    0    0    0    0    01702129225
dList dump
    List at 000000000023FDE0
    Head: 0 Tail 0 Capacity 10
    ERRORS:
     Left data canary bad (DDEADBEEF-PDEADBEEF-NDEADBEEF | DEADBEEF)
     Right data canary bad (DDEADBEEF-PDEADBEEF-NDEADBEEF | FACEFEED)
I |    1    2    3    4    5    6    7    8    9   10
D |  404  404  404  404  404  404  404  404  404  404
P |  404    0    0    0    0    0    0    0    0    0
N |    0    0    0    0    0    0    0    0    0    0
aList dump
    List at 000000000023FDE0
    Head: 2 Tail 0 Capacity 10
    ERRORS:
     Left data canary bad (DDEADBEEF-PDEADBEEF-NDEADBEEF | DEADBEEF)
     Right data canary bad (DDEADBEEF-PDEADBEEF-NDEADBEEF | FACEFEED)
I |    1    2    3    4    5    6    7    8    9   10
D |  404    0  404  404  404  404  404  404  404  404
P |  404    0    0    0    0    0    0    0    0    0
N |    0    0    0    0    0    0    0    0    0    0
[16:46:53][ERROR]List error at: 
File:C:\Users\Danila\Desktop\List\List.cpp 
Line:231 
Func:varError_t listDtor(List*)
List dump
    List at 000000000023FDE0
    Head: 2 Tail 0 Capacity 10
    ERRORS:
     Left data canary bad (DDEADBEEF-PDEADBEEF-NDEADBEEF | DEADBEEF)
     Right data canary bad (DDEADBEEF-PDEADBEEF-NDEADBEEF | FACEFEED)
I |    1    2    3    4    5    6    7    8    9   10
D |  404    0  404  404  404  404  404  404  404  404
P |  404    0    0    0    0    0    0    0    0    0
N |    0    0    0    0    0    0    0    0    0    0
Program exited
